\BOOKMARK [0][-]{section*.1}{\376\377\000A\000b\000s\000t\000r\000a\000c\000t}{}% 1
\BOOKMARK [0][-]{chapter.4}{\376\377\000I\000n\000t\000r\000o\000d\000u\000c\000t\000i\000o\000n}{}% 2
\BOOKMARK [1][-]{section.5}{\376\377\000T\000h\000e\000\040\000A\000E\000g\000I\000S\000\040\000e\000x\000p\000e\000r\000i\000m\000e\000n\000t}{chapter.4}% 3
\BOOKMARK [1][-]{section.16}{\376\377\000U\000s\000e\000r\000\040\000f\000r\000i\000e\000n\000d\000l\000y\000\040\000D\000a\000t\000a\000\040\000a\000n\000a\000l\000y\000s\000i\000s\000:\000\040\000g\000A\000n\000\040\000W\000e\000b}{chapter.4}% 4
\BOOKMARK [0][-]{chapter.21}{\376\377\000P\000r\000e\000-\000e\000x\000i\000s\000t\000i\000n\000g\000\040\000a\000p\000p\000l\000i\000c\000a\000t\000i\000o\000n\000:\000\040\000g\000A\000n}{}% 5
\BOOKMARK [1][-]{section.22}{\376\377\000W\000h\000a\000t\000\040\000i\000s\000\040\000d\000a\000t\000a\000\040\000a\000n\000a\000l\000y\000s\000i\000s\000?}{chapter.21}% 6
\BOOKMARK [1][-]{section.30}{\376\377\000W\000h\000a\000t\000\040\000i\000s\000\040\000g\000A\000n\000?}{chapter.21}% 7
\BOOKMARK [1][-]{section.31}{\376\377\000R\000o\000o\000t\000\040\000-\000\040\000P\000h\000y\000s\000i\000c\000a\000l\000\040\000D\000a\000t\000a\000\040\000A\000n\000a\000l\000y\000s\000i\000s\000\040}{chapter.21}% 8
\BOOKMARK [0][-]{chapter.44}{\376\377\000G\000e\000n\000e\000r\000a\000l\000\040\000o\000r\000g\000a\000n\000i\000z\000a\000t\000i\000o\000n\000\040\000o\000f\000\040\000t\000h\000e\000\040\000p\000r\000o\000j\000e\000c\000t}{}% 9
\BOOKMARK [1][-]{section.45}{\376\377\000T\000h\000e\000\040\000r\000o\000l\000e\000s\000\040\000o\000f\000\040\000t\000h\000e\000\040\000d\000e\000s\000i\000g\000n\000e\000r\000\040\000a\000n\000d\000\040\000o\000f\000\040\000t\000h\000e\000\040\000u\000s\000e\000r\000s}{chapter.44}% 10
\BOOKMARK [1][-]{section.49}{\376\377\000G\000e\000n\000e\000r\000a\000l\000\040\000o\000r\000g\000a\000n\000i\000z\000a\000t\000i\000o\000n\000\040\000o\000f\000\040\000t\000h\000e\000\040\000d\000e\000s\000i\000g\000n\000\040\000p\000r\000o\000c\000e\000s\000s\000\040}{chapter.44}% 11
\BOOKMARK [1][-]{section.50}{\376\377\000T\000h\000e\000\040\000s\000t\000a\000g\000e\000s\000\040\000o\000f\000\040\000t\000h\000e\000\040\000d\000e\000s\000i\000g\000n\000\040\000p\000r\000o\000j\000e\000c\000t}{chapter.44}% 12
\BOOKMARK [1][-]{section.55}{\376\377\000T\000h\000e\000\040\000r\000o\000l\000e\000\040\000o\000f\000\040\000a\000e\000s\000t\000h\000e\000t\000i\000c\000s}{chapter.44}% 13
\BOOKMARK [1][-]{section.56}{\376\377\000A\000n\000a\000l\000y\000s\000i\000s\000\040\000w\000i\000t\000h\000\040\000i\000n\000s\000p\000e\000c\000t\000i\000o\000n\000\040\000m\000e\000t\000h\000o\000d\000s\000\040\000a\000n\000d\000\040\000T\000e\000s\000t\000s\000\040\000w\000i\000t\000h\000\040\000u\000s\000e\000r\000s}{chapter.44}% 14
\BOOKMARK [1][-]{section.59}{\376\377\000P\000r\000o\000t\000o\000t\000y\000p\000i\000n\000g\000\040\000a\000n\000d\000\040\000m\000o\000c\000k\000-\000u\000p}{chapter.44}% 15
\BOOKMARK [1][-]{section.60}{\376\377\000A\000m\000b\000i\000g\000u\000i\000t\000i\000e\000s\000\040\000a\000n\000d\000\040\000d\000o\000u\000b\000t\000s}{chapter.44}% 16
\BOOKMARK [1][-]{section.61}{\376\377\000H\000o\000w\000\040\000t\000h\000e\000\040\000v\000a\000r\000i\000o\000u\000s\000\040\000s\000t\000a\000g\000e\000s\000\040\000a\000r\000e\000\040\000p\000r\000e\000s\000e\000n\000t\000e\000d}{chapter.44}% 17
\BOOKMARK [0][-]{chapter.65}{\376\377\000F\000i\000r\000s\000t\000\040\000v\000e\000r\000s\000i\000o\000n}{}% 18
\BOOKMARK [1][-]{section.66}{\376\377\000F\000u\000n\000c\000t\000i\000o\000n\000a\000l\000\040\000r\000e\000q\000u\000i\000r\000e\000m\000e\000n\000t\000s}{chapter.65}% 19
\BOOKMARK [1][-]{section.73}{\376\377\000N\000o\000n\000-\000f\000u\000n\000c\000t\000i\000o\000n\000a\000l\000\040\000r\000e\000q\000u\000i\000r\000e\000m\000e\000n\000t\000s}{chapter.65}% 20
\BOOKMARK [1][-]{section.78}{\376\377\000S\000c\000e\000n\000a\000r\000i\000o\000\040\000b\000a\000s\000e\000d\000\040\000f\000u\000n\000c\000t\000i\000o\000n\000a\000l\000\040\000a\000n\000a\000l\000y\000s\000i\000s}{chapter.65}% 21
\BOOKMARK [1][-]{section.81}{\376\377\000P\000r\000o\000t\000o\000t\000y\000p\000i\000n\000g}{chapter.65}% 22
\BOOKMARK [1][-]{section.90}{\376\377\000H\000o\000w\000\040\000t\000h\000e\000\040\000e\000a\000r\000l\000y\000\040\000v\000e\000r\000s\000i\000o\000n\000\040\000c\000a\000n\000\040\000b\000e\000\040\000i\000m\000p\000r\000o\000v\000e\000d}{chapter.65}% 23
\BOOKMARK [0][-]{chapter.91}{\376\377\000I\000n\000t\000e\000r\000m\000e\000d\000i\000a\000t\000e\000\040\000v\000e\000r\000s\000i\000o\000n}{}% 24
\BOOKMARK [1][-]{section.92}{\376\377\000F\000u\000n\000c\000t\000i\000o\000n\000a\000l\000\040\000r\000e\000q\000u\000i\000r\000e\000m\000e\000n\000t\000s}{chapter.91}% 25
\BOOKMARK [2][-]{subsection.103}{\376\377\000A\000m\000b\000i\000g\000u\000i\000t\000i\000e\000s\000\040\000\050\000a\000n\000d\000\040\000r\000e\000l\000a\000t\000e\000d\000\040\000s\000o\000l\000u\000t\000i\000o\000n\000s\000\051}{section.92}% 26
\BOOKMARK [1][-]{section.104}{\376\377\000S\000c\000e\000n\000a\000r\000i\000o\000\040\000b\000a\000s\000e\000d\000\040\000f\000u\000n\000c\000t\000i\000o\000n\000a\000l\000\040\000a\000n\000a\000l\000y\000s\000i\000s}{chapter.91}% 27
\BOOKMARK [1][-]{section.111}{\376\377\000P\000r\000o\000t\000o\000t\000y\000p\000i\000n\000g}{chapter.91}% 28
\BOOKMARK [2][-]{subsection.112}{\376\377\000M\000o\000d\000i\000f\000i\000e\000d\000\040\000p\000a\000g\000e\000s}{section.111}% 29
\BOOKMARK [2][-]{subsection.141}{\376\377\000A\000d\000d\000e\000d\000\040\000p\000a\000g\000e\000s}{section.111}% 30
\BOOKMARK [0][-]{chapter.145}{\376\377\000F\000i\000n\000a\000l\000\040\000v\000e\000r\000s\000i\000o\000n}{}% 31
\BOOKMARK [1][-]{section.146}{\376\377\000F\000u\000n\000c\000t\000i\000o\000n\000a\000l\000\040\000r\000e\000q\000u\000i\000r\000e\000m\000e\000n\000t\000s}{chapter.145}% 32
\BOOKMARK [1][-]{section.156}{\376\377\000N\000o\000n\000-\000f\000u\000n\000c\000t\000i\000o\000n\000a\000l\000\040\000r\000e\000q\000u\000i\000r\000e\000m\000e\000n\000t\000s}{chapter.145}% 33
\BOOKMARK [1][-]{section.157}{\376\377\000S\000c\000e\000n\000a\000r\000i\000o\000\040\000b\000a\000s\000e\000d\000\040\000f\000u\000n\000c\000t\000i\000o\000n\000a\000l\000\040\000a\000n\000a\000l\000y\000s\000i\000s}{chapter.145}% 34
\BOOKMARK [1][-]{section.162}{\376\377\000P\000r\000o\000t\000o\000t\000y\000p\000i\000n\000g\000\040\000-\000\040\000I\000m\000p\000l\000e\000m\000e\000n\000t\000a\000t\000i\000o\000n}{chapter.145}% 35
\BOOKMARK [0][-]{chapter.190}{\376\377\000U\000s\000e\000r\000s\000\040\000a\000n\000d\000\040\000T\000e\000s\000t\000s\000\040\000w\000i\000t\000h\000\040\000t\000h\000e\000m}{}% 36
\BOOKMARK [1][-]{section.191}{\376\377\000U\000s\000e\000r\000'\000s\000\040\000P\000r\000o\000f\000i\000l\000e\000:\000\040\000w\000h\000y\000?}{chapter.190}% 37
\BOOKMARK [1][-]{section.192}{\376\377\000U\000s\000e\000r\000'\000s\000\040\000P\000r\000o\000f\000i\000l\000e\000:\000\040\000c\000l\000a\000s\000s\000i\000f\000i\000c\000a\000t\000i\000o\000n}{chapter.190}% 38
\BOOKMARK [2][-]{subsection.193}{\376\377\000G\000e\000n\000e\000r\000i\000c\000\040\000C\000h\000a\000r\000a\000c\000t\000e\000r\000i\000s\000t\000i\000c\000s}{section.192}% 39
\BOOKMARK [2][-]{subsection.194}{\376\377\000E\000d\000u\000c\000a\000t\000i\000o\000n\000\040\000B\000a\000c\000k\000g\000r\000o\000u\000n\000d}{section.192}% 40
\BOOKMARK [2][-]{subsection.197}{\376\377\000M\000o\000d\000e\000l\000s\000\040\000i\000n\000\040\000t\000h\000e\000\040\000u\000s\000e\000r\000'\000s\000\040\000m\000i\000n\000d}{section.192}% 41
\BOOKMARK [2][-]{subsection.198}{\376\377\000U\000s\000e\000r\000'\000s\000\040\000p\000s\000y\000c\000h\000o\000l\000o\000g\000i\000c\000a\000l\000\040\000c\000h\000a\000r\000a\000c\000t\000e\000r\000i\000s\000t\000i\000c\000s\000\040}{section.192}% 42
\BOOKMARK [2][-]{subsection.199}{\376\377\000U\000s\000e\000r\000'\000s\000\040\000l\000e\000v\000e\000l\000\040\000o\000f\000\040\000e\000x\000p\000e\000r\000t\000i\000s\000e\000\040}{section.192}% 43
\BOOKMARK [2][-]{subsection.200}{\376\377\000E\000n\000v\000i\000r\000o\000n\000m\000e\000n\000t}{section.192}% 44
\BOOKMARK [1][-]{section.201}{\376\377\000R\000e\000l\000a\000t\000i\000o\000n\000\040\000d\000e\000v\000e\000l\000o\000p\000e\000r\000-\000u\000s\000e\000r\000\040\000a\000n\000d\000\040\000p\000r\000o\000g\000r\000e\000s\000s\000i\000v\000e\000\040\000s\000e\000m\000a\000t\000i\000z\000a\000t\000i\000o\000n}{chapter.190}% 45
\BOOKMARK [1][-]{section.202}{\376\377\000H\000o\000w\000\040\000t\000h\000e\000\040\000t\000e\000s\000t\000s\000\040\000t\000a\000k\000e\000\040\000p\000l\000a\000c\000e}{chapter.190}% 46
\BOOKMARK [2][-]{subsection.206}{\376\377\000P\000r\000e\000l\000i\000m\000i\000n\000a\000r\000y\000\040\000o\000b\000s\000e\000r\000v\000a\000t\000i\000o\000n\000s}{section.202}% 47
\BOOKMARK [2][-]{subsection.207}{\376\377\000W\000h\000a\000t\000\040\000t\000h\000e\000\040\000t\000e\000s\000t\000\040\000i\000s\000\040\000e\000v\000a\000l\000u\000a\000t\000i\000n\000g\000?}{section.202}% 48
\BOOKMARK [2][-]{subsection.208}{\376\377\000E\000x\000e\000c\000u\000t\000i\000o\000n\000\040\000a\000n\000d\000\040\000R\000e\000s\000u\000l\000t\000s}{section.202}% 49
\BOOKMARK [2][-]{subsection.220}{\376\377\000I\000s\000\040\000t\000h\000e\000\040\000t\000e\000s\000t\000i\000n\000g\000\040\000f\000i\000n\000i\000s\000h\000e\000d\000\040\000h\000e\000r\000e\000?}{section.202}% 50
\BOOKMARK [0][-]{chapter.221}{\376\377\000D\000e\000s\000i\000g\000n\000\040\000a\000n\000d\000\040\000P\000a\000t\000t\000e\000r\000n\000s}{}% 51
\BOOKMARK [1][-]{section.222}{\376\377\000U\000s\000e\000d\000\040\000p\000a\000t\000t\000e\000r\000n\000s}{chapter.221}% 52
\BOOKMARK [2][-]{subsection.223}{\376\377\000C\000l\000e\000a\000r\000\040\000e\000n\000t\000r\000y\000\040\000p\000o\000i\000n\000t}{section.222}% 53
\BOOKMARK [2][-]{subsection.224}{\376\377\000W\000i\000z\000a\000r\000d}{section.222}% 54
\BOOKMARK [2][-]{subsection.225}{\376\377\000S\000p\000a\000t\000i\000a\000l\000\040\000m\000e\000m\000o\000r\000y}{section.222}% 55
\BOOKMARK [2][-]{subsection.226}{\376\377\000G\000r\000i\000d\000\040\000o\000f\000\040\000e\000q\000u\000a\000l\000s}{section.222}% 56
\BOOKMARK [2][-]{subsection.227}{\376\377\000R\000e\000s\000p\000o\000n\000s\000i\000v\000e\000\040\000e\000n\000a\000b\000l\000i\000n\000g}{section.222}% 57
\BOOKMARK [2][-]{subsection.228}{\376\377\000P\000r\000o\000g\000r\000e\000s\000s\000\040\000i\000n\000d\000i\000c\000a\000t\000o\000r}{section.222}% 58
\BOOKMARK [2][-]{subsection.229}{\376\377\000G\000o\000\040\000B\000a\000c\000k\000\040\000t\000o\000\040\000a\000\040\000S\000a\000f\000e\000\040\000P\000l\000a\000c\000e}{section.222}% 59
\BOOKMARK [2][-]{subsection.230}{\376\377\000L\000i\000q\000u\000i\000d\000\040\000l\000a\000y\000o\000u\000t}{section.222}% 60
\BOOKMARK [2][-]{subsection.231}{\376\377\000H\000o\000v\000e\000r\000\040\000t\000o\000o\000l\000s}{section.222}% 61
\BOOKMARK [2][-]{subsection.232}{\376\377\000H\000a\000r\000m\000l\000e\000s\000s\000\040\000d\000e\000f\000a\000u\000l\000t}{section.222}% 62
\BOOKMARK [2][-]{subsection.235}{\376\377\000S\000a\000m\000e\000-\000p\000a\000g\000e\000\040\000e\000r\000r\000o\000r\000\040\000m\000e\000s\000s\000a\000g\000e\000s}{section.222}% 63
\BOOKMARK [2][-]{subsection.236}{\376\377\000A\000l\000t\000e\000r\000n\000a\000t\000i\000v\000e\000\040\000v\000i\000e\000w\000s}{section.222}% 64
