This is pdfTeX, Version 3.1415926-2.5-1.40.14 (TeX Live 2013/Debian) (format=pdflatex 2016.4.14)  7 MAY 2017 10:03
entering extended mode
 restricted \write18 enabled.
 %&-line parsing enabled.
**main.tex
(./main.tex
LaTeX2e <2011/06/27>
Babel <3.9h> and hyphenation patterns for 78 languages loaded.
(./MastersDoctoralThesis.cls
Document Class: MastersDoctoralThesis 2015/11/08 v1.2 LaTeXTemplates.com
(/usr/share/texlive/texmf-dist/tex/latex/etoolbox/etoolbox.sty
Package: etoolbox 2011/01/03 v2.1 e-TeX tools for LaTeX

(/usr/share/texlive/texmf-dist/tex/latex/etex-pkg/etex.sty
Package: etex 1998/03/26 v2.0 eTeX basic definition package (PEB)
\et@xins=\count79
)
\etb@tempcnta=\count80
)
(/usr/share/texlive/texmf-dist/tex/latex/l3packages/xparse/xparse.sty
(/usr/share/texlive/texmf-dist/tex/latex/l3kernel/expl3.sty
(/usr/share/texlive/texmf-dist/tex/latex/l3kernel/l3names.sty
(/usr/share/texlive/texmf-dist/tex/latex/l3kernel/l3bootstrap.sty
Package: l3bootstrap 2014/01/04 v4640 L3 Experimental bootstrap code
)
Package: l3names 2014/01/04 v4640 L3 Namespace for primitives
)
Package: expl3 2014/01/07 v4646 L3 Experimental code bundle wrapper

(/usr/share/texlive/texmf-dist/tex/latex/l3kernel/l3basics.sty
Package: l3basics 2014/01/04 v4642 L3 Basic definitions
)
(/usr/share/texlive/texmf-dist/tex/latex/l3kernel/l3expan.sty
Package: l3expan 2014/01/04 v4642 L3 Argument expansion
)
(/usr/share/texlive/texmf-dist/tex/latex/l3kernel/l3tl.sty
Package: l3tl 2013/12/27 v4625 L3 Token lists
)
(/usr/share/texlive/texmf-dist/tex/latex/l3kernel/l3seq.sty
Package: l3seq 2013/12/14 v4623 L3 Sequences and stacks
)
(/usr/share/texlive/texmf-dist/tex/latex/l3kernel/l3int.sty
Package: l3int 2013/08/02 v4583 L3 Integers
\c_max_int=\count81
\l_tmpa_int=\count82
\l_tmpb_int=\count83
\g_tmpa_int=\count84
\g_tmpb_int=\count85
)
(/usr/share/texlive/texmf-dist/tex/latex/l3kernel/l3quark.sty
Package: l3quark 2013/12/14 v4623 L3 Quarks
)
(/usr/share/texlive/texmf-dist/tex/latex/l3kernel/l3prg.sty
Package: l3prg 2014/01/04 v4642 L3 Control structures
\g__prg_map_int=\count86
)
(/usr/share/texlive/texmf-dist/tex/latex/l3kernel/l3clist.sty
Package: l3clist 2013/07/28 v4581 L3 Comma separated lists
)
(/usr/share/texlive/texmf-dist/tex/latex/l3kernel/l3token.sty
Package: l3token 2013/08/25 v4587 L3 Experimental token manipulation
)
(/usr/share/texlive/texmf-dist/tex/latex/l3kernel/l3prop.sty
Package: l3prop 2013/12/14 v4623 L3 Property lists
)
(/usr/share/texlive/texmf-dist/tex/latex/l3kernel/l3msg.sty
Package: l3msg 2013/07/28 v4581 L3 Messages
)
(/usr/share/texlive/texmf-dist/tex/latex/l3kernel/l3file.sty
Package: l3file 2013/10/13 v4596 L3 File and I/O operations
\l_iow_line_count_int=\count87
\l__iow_target_count_int=\count88
\l__iow_current_line_int=\count89
\l__iow_current_word_int=\count90
\l__iow_current_indentation_int=\count91
)
(/usr/share/texlive/texmf-dist/tex/latex/l3kernel/l3skip.sty
Package: l3skip 2013/07/28 v4581 L3 Dimensions and skips
\c_zero_dim=\dimen102
\c_max_dim=\dimen103
\l_tmpa_dim=\dimen104
\l_tmpb_dim=\dimen105
\g_tmpa_dim=\dimen106
\g_tmpb_dim=\dimen107
\c_zero_skip=\skip41
\c_max_skip=\skip42
\l_tmpa_skip=\skip43
\l_tmpb_skip=\skip44
\g_tmpa_skip=\skip45
\g_tmpb_skip=\skip46
\c_zero_muskip=\muskip10
\c_max_muskip=\muskip11
\l_tmpa_muskip=\muskip12
\l_tmpb_muskip=\muskip13
\g_tmpa_muskip=\muskip14
\g_tmpb_muskip=\muskip15
)
(/usr/share/texlive/texmf-dist/tex/latex/l3kernel/l3keys.sty
Package: l3keys 2013/12/08 v4614 L3 Experimental key-value interfaces
\g__keyval_level_int=\count92
\l_keys_choice_int=\count93
)
(/usr/share/texlive/texmf-dist/tex/latex/l3kernel/l3fp.sty
Package: l3fp 2014/01/04 v4642 L3 Floating points
\c__fp_leading_shift_int=\count94
\c__fp_middle_shift_int=\count95
\c__fp_trailing_shift_int=\count96
\c__fp_big_leading_shift_int=\count97
\c__fp_big_middle_shift_int=\count98
\c__fp_big_trailing_shift_int=\count99
\c__fp_Bigg_leading_shift_int=\count100
\c__fp_Bigg_middle_shift_int=\count101
\c__fp_Bigg_trailing_shift_int=\count102
)
(/usr/share/texlive/texmf-dist/tex/latex/l3kernel/l3box.sty
Package: l3box 2013/07/28 v4581 L3 Experimental boxes
\c_empty_box=\box26
\l_tmpa_box=\box27
\l_tmpb_box=\box28
\g_tmpa_box=\box29
\g_tmpb_box=\box30
)
(/usr/share/texlive/texmf-dist/tex/latex/l3kernel/l3coffins.sty
Package: l3coffins 2013/12/14 v4624 L3 Coffin code layer
\l__coffin_internal_box=\box31
\l__coffin_internal_dim=\dimen108
\l__coffin_offset_x_dim=\dimen109
\l__coffin_offset_y_dim=\dimen110
\l__coffin_x_dim=\dimen111
\l__coffin_y_dim=\dimen112
\l__coffin_x_prime_dim=\dimen113
\l__coffin_y_prime_dim=\dimen114
\c_empty_coffin=\box32
\l__coffin_aligned_coffin=\box33
\l__coffin_aligned_internal_coffin=\box34
\l_tmpa_coffin=\box35
\l_tmpb_coffin=\box36
\l__coffin_display_coffin=\box37
\l__coffin_display_coord_coffin=\box38
\l__coffin_display_pole_coffin=\box39
\l__coffin_display_offset_dim=\dimen115
\l__coffin_display_x_dim=\dimen116
\l__coffin_display_y_dim=\dimen117
)
(/usr/share/texlive/texmf-dist/tex/latex/l3kernel/l3color.sty
Package: l3color 2012/08/29 v4156 L3 Experimental color support
)
(/usr/share/texlive/texmf-dist/tex/latex/l3kernel/l3luatex.sty
Package: l3luatex 2013/07/28 v4581 L3 Experimental LuaTeX-specific functions
\g__cctab_allocate_int=\count103
\g__cctab_stack_int=\count104
)
(/usr/share/texlive/texmf-dist/tex/latex/l3kernel/l3candidates.sty
Package: l3candidates 2014/01/06 v4643 L3 Experimental additions to l3kernel
\l__box_top_dim=\dimen118
\l__box_bottom_dim=\dimen119
\l__box_left_dim=\dimen120
\l__box_right_dim=\dimen121
\l__box_top_new_dim=\dimen122
\l__box_bottom_new_dim=\dimen123
\l__box_left_new_dim=\dimen124
\l__box_right_new_dim=\dimen125
\l__box_internal_box=\box40
\l__coffin_bounding_shift_dim=\dimen126
\l__coffin_left_corner_dim=\dimen127
\l__coffin_right_corner_dim=\dimen128
\l__coffin_bottom_corner_dim=\dimen129
\l__coffin_top_corner_dim=\dimen130
\l__coffin_scaled_total_height_dim=\dimen131
\l__coffin_scaled_width_dim=\dimen132
)
(/usr/share/texlive/texmf-dist/tex/generic/oberdiek/ifpdf.sty
Package: ifpdf 2011/01/30 v2.3 Provides the ifpdf switch (HO)
Package ifpdf Info: pdfTeX in PDF mode is detected.
))
Package: xparse 2013/12/31 v4634 L3 Experimental document command parser
\l__xparse_current_arg_int=\count105
\l__xparse_m_args_int=\count106
\l__xparse_mandatory_args_int=\count107
\l__xparse_processor_int=\count108
\l__xparse_v_nesting_int=\count109
)
(/usr/share/texlive/texmf-dist/tex/latex/base/book.cls
Document Class: book 2007/10/19 v1.4h Standard LaTeX document class
(/usr/share/texlive/texmf-dist/tex/latex/base/bk12.clo
File: bk12.clo 2007/10/19 v1.4h Standard LaTeX file (size option)
)
\c@part=\count110
\c@chapter=\count111
\c@section=\count112
\c@subsection=\count113
\c@subsubsection=\count114
\c@paragraph=\count115
\c@subparagraph=\count116
\c@figure=\count117
\c@table=\count118
\abovecaptionskip=\skip47
\belowcaptionskip=\skip48
\bibindent=\dimen133
)
(/usr/share/texlive/texmf-dist/tex/latex/parskip/parskip.sty
Package: parskip 2001/04/09 non-zero parskip adjustments
)
.................................................
. LaTeX info: "xparse/define-command"
. 
. Defining document command \addchap with arg. spec. ' s o m ' on line 116.
.................................................
.................................................
. LaTeX info: "xparse/define-command"
. 
. Defining document command \addsec with arg. spec. ' s o m ' on line 131.
.................................................

(/usr/share/texlive/texmf-dist/tex/generic/babel/babel.sty
Package: babel 2013/12/03 3.9h The Babel package

(/usr/share/texlive/texmf-dist/tex/generic/babel-english/english.ldf
Language: english 2012/08/20 v3.3p English support from the babel system

(/usr/share/texlive/texmf-dist/tex/generic/babel/babel.def
File: babel.def 2013/12/03 3.9h Babel common definitions
\babel@savecnt=\count119
\U@D=\dimen134
)
\l@canadian = a dialect from \language\l@american 
\l@australian = a dialect from \language\l@british 
\l@newzealand = a dialect from \language\l@british 
))
(/usr/share/texlive/texmf-dist/tex/latex/koma-script/scrbase.sty
Package: scrbase 2013/12/19 v3.12 KOMA-Script package (KOMA-Script-independent 
basics and keyval usage)

(/usr/share/texlive/texmf-dist/tex/latex/graphics/keyval.sty
Package: keyval 1999/03/16 v1.13 key=value parser (DPC)
\KV@toks@=\toks14
)
(/usr/share/texlive/texmf-dist/tex/latex/koma-script/scrlfile.sty
Package: scrlfile 2013/12/19 v3.12 KOMA-Script package (loading files)

Package scrlfile, 2013/12/19 v3.12 KOMA-Script package (loading files)
                  Copyright (C) Markus Kohm

)) (/usr/share/texlive/texmf-dist/tex/latex/koma-script/scrhack.sty
Package: scrhack 2013/12/19 v3.12 KOMA-Script package 

(/usr/share/texlive/texmf-dist/tex/latex/koma-script/scrkbase.sty
Package: scrkbase 2013/12/19 v3.12 KOMA-Script package (KOMA-Script-dependent b
asics and keyval usage)
))
(/usr/share/texlive/texmf-dist/tex/latex/setspace/setspace.sty
Package: setspace 2011/12/19 v6.7a set line spacing
)
(/usr/share/texlive/texmf-dist/tex/latex/tools/longtable.sty
Package: longtable 2004/02/01 v4.11 Multi-page Table package (DPC)
\LTleft=\skip49
\LTright=\skip50
\LTpre=\skip51
\LTpost=\skip52
\LTchunksize=\count120
\LTcapwidth=\dimen135
\LT@head=\box41
\LT@firsthead=\box42
\LT@foot=\box43
\LT@lastfoot=\box44
\LT@cols=\count121
\LT@rows=\count122
\c@LT@tables=\count123
\c@LT@chunks=\count124
\LT@p@ftn=\toks15
)
(/usr/share/texlive/texmf-dist/tex/latex/siunitx/siunitx.sty
Package: siunitx 2013/07/31 v2.5s A comprehensive (SI) units package

(/usr/share/texlive/texmf-dist/tex/latex/amsmath/amstext.sty
Package: amstext 2000/06/29 v2.01

(/usr/share/texlive/texmf-dist/tex/latex/amsmath/amsgen.sty
File: amsgen.sty 1999/11/30 v2.0
\@emptytoks=\toks16
\ex@=\dimen136
))
(/usr/share/texlive/texmf-dist/tex/latex/tools/array.sty
Package: array 2008/09/09 v2.4c Tabular extension package (FMi)
\col@sep=\dimen137
\extrarowheight=\dimen138
\NC@list=\toks17
\extratabsurround=\skip53
\backup@length=\skip54
)
(/usr/share/texlive/texmf-dist/tex/latex/l3packages/l3keys2e/l3keys2e.sty
Package: l3keys2e 2013/12/31 v4634 LaTeX2e option processing using LaTeX3 keys
)
Variant \tl_if_blank:VTF already defined; not changing it on line 50
\l__siunitx_tmp_box=\box45
\l__siunitx_tmp_dim=\dimen139
\l__siunitx_tmp_int=\count125
Variant \prop_get:NVNT already defined; not changing it on line 371
Variant \prop_get:NVNF already defined; not changing it on line 372
Variant \prop_get:NVNTF already defined; not changing it on line 373
\l__siunitx_number_mantissa_length_int=\count126
\l__siunitx_number_uncert_length_int=\count127
\l__siunitx_round_int=\count128
\l__siunitx_process_decimal_int=\count129
\l__siunitx_process_uncertainty_int=\count130
\l__siunitx_process_fixed_int=\count131
\l__siunitx_process_integer_min_int=\count132
\l__siunitx_process_precision_int=\count133
\l__siunitx_group_min_int=\count134
\l__siunitx_angle_marker_box=\box46
\l__siunitx_angle_unit_box=\box47
\l__siunitx_angle_marker_dim=\dimen140
\l__siunitx_angle_unit_dim=\dimen141
\l__siunitx_unit_int=\count135
\l__siunitx_unit_denominator_int=\count136
\l__siunitx_unit_numerator_int=\count137
\l__siunitx_unit_prefix_int=\count138
\l__siunitx_unit_prefix_base_int=\count139
\l__siunitx_unit_prefix_gram_int=\count140
\l__siunitx_number_product_int=\count141
\c__siunitx_one_fill_skip=\skip55
\l__siunitx_table_unit_align_skip=\skip56
\l__siunitx_table_exponent_dim=\dimen142
\l__siunitx_table_integer_dim=\dimen143
\l__siunitx_table_mantissa_dim=\dimen144
\l__siunitx_table_marker_dim=\dimen145
\l__siunitx_table_result_dim=\dimen146
\l__siunitx_table_uncert_dim=\dimen147
\l__siunitx_table_fill_pre_dim=\dimen148
\l__siunitx_table_fill_post_dim=\dimen149
\l__siunitx_table_fill_mid_dim=\dimen150
\l__siunitx_table_pre_box=\box48
\l__siunitx_table_post_box=\box49
\l__siunitx_table_mantissa_box=\box50
\l__siunitx_table_result_box=\box51
\l__siunitx_table_number_align_skip=\skip57
\l__siunitx_table_text_align_skip=\skip58
.................................................
. LaTeX info: "xparse/define-command"
. 
. Defining document command \DeclareBinaryPrefix with arg. spec. 'mmm' on line
. 7101.
.................................................
.................................................
. LaTeX info: "xparse/define-command"
. 
. Defining document command \DeclareSIPostPower with arg. spec. 'mm' on line
. 7104.
.................................................
.................................................
. LaTeX info: "xparse/define-command"
. 
. Defining document command \DeclareSIPrefix with arg. spec. 'mmm' on line
. 7107.
.................................................
.................................................
. LaTeX info: "xparse/define-command"
. 
. Defining document command \DeclareSIPrePower with arg. spec. 'mm' on line
. 7110.
.................................................
.................................................
. LaTeX info: "xparse/define-command"
. 
. Defining document command \DeclareSIQualifier with arg. spec. 'mm' on line
. 7113.
.................................................
.................................................
. LaTeX info: "xparse/define-command"
. 
. Defining document command \DeclareSIUnit with arg. spec. 'O{}mm' on line
. 7116.
.................................................
.................................................
. LaTeX info: "xparse/define-command"
. 
. Defining document command \DeclareSIUnitWithOptions with arg. spec. 'mmm' on
. line 7119.
.................................................
.................................................
. LaTeX info: "xparse/define-command"
. 
. Defining document command \ang with arg. spec. 'o>{\SplitArgument {2}{;}}m'
. on line 7134.
.................................................
.................................................
. LaTeX info: "xparse/define-command"
. 
. Defining document command \num with arg. spec. 'om' on line 7142.
.................................................
.................................................
. LaTeX info: "xparse/define-command"
. 
. Defining document command \numlist with arg. spec. 'o>{\SplitList {;}}m' on
. line 7150.
.................................................
.................................................
. LaTeX info: "xparse/define-command"
. 
. Defining document command \numrange with arg. spec. 'omm' on line 7158.
.................................................
.................................................
. LaTeX info: "xparse/define-command"
. 
. Defining document command \SIlist with arg. spec. 'o>{\SplitList {;}}mm' on
. line 7169.
.................................................
.................................................
. LaTeX info: "xparse/define-command"
. 
. Defining document command \SIrange with arg. spec. 'ommm' on line 7180.
.................................................
.................................................
. LaTeX info: "xparse/define-command"
. 
. Defining document command \SI with arg. spec. 'omom' on line 7191.
.................................................
.................................................
. LaTeX info: "xparse/define-command"
. 
. Defining document command \sisetup with arg. spec. 'm' on line 7194.
.................................................
.................................................
. LaTeX info: "xparse/define-command"
. 
. Defining document command \tablenum with arg. spec. 'om' on line 7206.
.................................................
.................................................
. LaTeX info: "xparse/define-command"
. 
. Defining document command \si with arg. spec. 'om' on line 7217.
.................................................
.................................................
. LaTeX info: "xparse/define-command"
. 
. Defining document command \__siunitx_bookmark_num:w with arg. spec. 'om' on
. line 7262.
.................................................
.................................................
. LaTeX info: "xparse/define-command"
. 
. Defining document command \__siunitx_bookmark_numrange:w with arg. spec.
. 'omm' on line 7264.
.................................................
.................................................
. LaTeX info: "xparse/define-command"
. 
. Defining document command \__siunitx_bookmark_SI:w with arg. spec. 'omom' on
. line 7266.
.................................................
.................................................
. LaTeX info: "xparse/define-command"
. 
. Defining document command \__siunitx_bookmark_SIlist:w with arg. spec. 'omm'
. on line 7268.
.................................................
.................................................
. LaTeX info: "xparse/define-command"
. 
. Defining document command \__siunitx_bookmark_SIrange:w with arg. spec.
. 'ommm' on line 7270.
.................................................
.................................................
. LaTeX info: "xparse/define-command"
. 
. Defining document command \__siunitx_bookmark_si:w with arg. spec. 'om' on
. line 7271.
.................................................
\g__file_internal_ior=\read1

(/usr/share/texmf/tex/latex/beamer/base/translator/translator.sty
Package: translator 2010/06/12 ver 1.10

(/usr/share/texmf/tex/latex/beamer/base/translator/translator-language-mappings
.tex))) (/usr/share/texlive/texmf-dist/tex/latex/graphics/graphicx.sty
Package: graphicx 1999/02/16 v1.0f Enhanced LaTeX Graphics (DPC,SPQR)

(/usr/share/texlive/texmf-dist/tex/latex/graphics/graphics.sty
Package: graphics 2009/02/05 v1.0o Standard LaTeX Graphics (DPC,SPQR)

(/usr/share/texlive/texmf-dist/tex/latex/graphics/trig.sty
Package: trig 1999/03/16 v1.09 sin cos tan (DPC)
)
(/usr/share/texlive/texmf-dist/tex/latex/latexconfig/graphics.cfg
File: graphics.cfg 2010/04/23 v1.9 graphics configuration of TeX Live
)
Package graphics Info: Driver file: pdftex.def on input line 91.

(/usr/share/texlive/texmf-dist/tex/latex/pdftex-def/pdftex.def
File: pdftex.def 2011/05/27 v0.06d Graphics/color for pdfTeX

(/usr/share/texlive/texmf-dist/tex/generic/oberdiek/infwarerr.sty
Package: infwarerr 2010/04/08 v1.3 Providing info/warning/error messages (HO)
)
(/usr/share/texlive/texmf-dist/tex/generic/oberdiek/ltxcmds.sty
Package: ltxcmds 2011/11/09 v1.22 LaTeX kernel commands for general use (HO)
)
\Gread@gobject=\count142
))
\Gin@req@height=\dimen151
\Gin@req@width=\dimen152
)
(/usr/share/texlive/texmf-dist/tex/latex/booktabs/booktabs.sty
Package: booktabs 2005/04/14 v1.61803 publication quality tables
\heavyrulewidth=\dimen153
\lightrulewidth=\dimen154
\cmidrulewidth=\dimen155
\belowrulesep=\dimen156
\belowbottomsep=\dimen157
\aboverulesep=\dimen158
\abovetopsep=\dimen159
\cmidrulesep=\dimen160
\cmidrulekern=\dimen161
\defaultaddspace=\dimen162
\@cmidla=\count143
\@cmidlb=\count144
\@aboverulesep=\dimen163
\@belowrulesep=\dimen164
\@thisruleclass=\count145
\@lastruleclass=\count146
\@thisrulewidth=\dimen165
)
(/usr/share/texlive/texmf-dist/tex/latex/caption/caption.sty
Package: caption 2013/05/02 v3.3-89 Customizing captions (AR)

(/usr/share/texlive/texmf-dist/tex/latex/caption/caption3.sty
Package: caption3 2013/05/02 v1.6-88 caption3 kernel (AR)
Package caption3 Info: TeX engine: e-TeX on input line 57.
\captionmargin=\dimen166
\captionmargin@=\dimen167
\captionwidth=\dimen168
\caption@tempdima=\dimen169
\caption@indent=\dimen170
\caption@parindent=\dimen171
\caption@hangindent=\dimen172
)
\c@ContinuedFloat=\count147
Package caption Info: longtable package is loaded.

(/usr/share/texlive/texmf-dist/tex/latex/caption/ltcaption.sty
Package: ltcaption 2013/02/03 v1.3-62 longtable captions (AR)
))
(/usr/share/texlive/texmf-dist/tex/latex/geometry/geometry.sty
Package: geometry 2010/09/12 v5.6 Page Geometry

(/usr/share/texlive/texmf-dist/tex/generic/oberdiek/ifvtex.sty
Package: ifvtex 2010/03/01 v1.5 Detect VTeX and its facilities (HO)
Package ifvtex Info: VTeX not detected.
)
(/usr/share/texlive/texmf-dist/tex/generic/ifxetex/ifxetex.sty
Package: ifxetex 2010/09/12 v0.6 Provides ifxetex conditional
)
\Gm@cnth=\count148
\Gm@cntv=\count149
\c@Gm@tempcnt=\count150
\Gm@bindingoffset=\dimen173
\Gm@wd@mp=\dimen174
\Gm@odd@mp=\dimen175
\Gm@even@mp=\dimen176
\Gm@layoutwidth=\dimen177
\Gm@layoutheight=\dimen178
\Gm@layouthoffset=\dimen179
\Gm@layoutvoffset=\dimen180
\Gm@dimlist=\toks18
)
(/usr/share/texlive/texmf-dist/tex/latex/koma-script/scrlayer-scrpage.sty
Package: scrlayer-scrpage 14/12/2013 v0.9.1548 package (end user interface for 
scrlayer)

(/usr/share/texlive/texmf-dist/tex/latex/koma-script/scrlayer.sty
Package: scrlayer 31/10/2013 v0.9.1480 package (defining layers and page styles
)
\footheight=\skip59
Package scrlayer Info: patching LaTeX kernel macro \pagestyle on input line 174
9.
)
Package scrbase Info: Unknown processing state.
(scrbase)             Processing option `markcase=used'
(scrbase)             of member `.scrlayer-scrpage.sty' of family
(scrbase)             `KOMA' doesn't set
(scrbase)             a valid state. This will be interpreted
(scrbase)             as \FamilyKeyStateProcessed on input line 617.
)
Package scrlayer-scrpage Info: auto-selection of `pagestyleset=standard'.

1: chapter
1: chapter
1: section
.................................................
. LaTeX info: "xparse/define-environment"
. 
. Defining document environment 'abbreviations' with arg. spec. ' m ' on line
. 333.
.................................................
.................................................
. LaTeX info: "xparse/define-environment"
. 
. Defining document environment 'constants' with arg. spec. ' m ' on line 351.
.................................................
.................................................
. LaTeX info: "xparse/define-environment"
. 
. Defining document environment 'symbols' with arg. spec. ' m ' on line 369.
.................................................
.................................................
. LaTeX info: "xparse/define-environment"
. 
. Defining document environment 'acknowledgements' with arg. spec. '' on line
. 387.
.................................................
) (/usr/share/texlive/texmf-dist/tex/latex/float/float.sty
Package: float 2001/11/08 v1.3d Float enhancements (AL)
\c@float@type=\count151
\float@exts=\toks19
\float@box=\box52
\@float@everytoks=\toks20
\@floatcapt=\box53
)
Package scrhack Info: loading float hack on input line 16.

(/usr/share/texlive/texmf-dist/tex/latex/koma-script/float.hak
File: float.hak 2013/12/19 v3.12 KOMA-Script package (hacking package float)

(/usr/share/texlive/texmf-dist/tex/latex/koma-script/tocbasic.sty
Package: tocbasic 2013/12/19 v3.12 KOMA-Script package (handling toc-files)
)
Package scrhack Info: redefining \newfloat on input line 161.
Package scrhack Info: redefining \listof on input line 161.
Package scrhack Info: undefining \float@addtolists on input line 161.
)
(/usr/share/texlive/texmf-dist/tex/latex/base/inputenc.sty
Package: inputenc 2008/03/30 v1.1d Input encoding file
\inpenc@prehook=\toks21
\inpenc@posthook=\toks22

(/usr/share/texlive/texmf-dist/tex/latex/base/utf8.def
File: utf8.def 2008/04/05 v1.1m UTF-8 support for inputenc
Now handling font encoding OML ...
... no UTF-8 mapping file for font encoding OML
Now handling font encoding T1 ...
... processing UTF-8 mapping file for font encoding T1

(/usr/share/texlive/texmf-dist/tex/latex/base/t1enc.dfu
File: t1enc.dfu 2008/04/05 v1.1m UTF-8 support for inputenc
   defining Unicode char U+00A1 (decimal 161)
   defining Unicode char U+00A3 (decimal 163)
   defining Unicode char U+00AB (decimal 171)
   defining Unicode char U+00BB (decimal 187)
   defining Unicode char U+00BF (decimal 191)
   defining Unicode char U+00C0 (decimal 192)
   defining Unicode char U+00C1 (decimal 193)
   defining Unicode char U+00C2 (decimal 194)
   defining Unicode char U+00C3 (decimal 195)
   defining Unicode char U+00C4 (decimal 196)
   defining Unicode char U+00C5 (decimal 197)
   defining Unicode char U+00C6 (decimal 198)
   defining Unicode char U+00C7 (decimal 199)
   defining Unicode char U+00C8 (decimal 200)
   defining Unicode char U+00C9 (decimal 201)
   defining Unicode char U+00CA (decimal 202)
   defining Unicode char U+00CB (decimal 203)
   defining Unicode char U+00CC (decimal 204)
   defining Unicode char U+00CD (decimal 205)
   defining Unicode char U+00CE (decimal 206)
   defining Unicode char U+00CF (decimal 207)
   defining Unicode char U+00D0 (decimal 208)
   defining Unicode char U+00D1 (decimal 209)
   defining Unicode char U+00D2 (decimal 210)
   defining Unicode char U+00D3 (decimal 211)
   defining Unicode char U+00D4 (decimal 212)
   defining Unicode char U+00D5 (decimal 213)
   defining Unicode char U+00D6 (decimal 214)
   defining Unicode char U+00D8 (decimal 216)
   defining Unicode char U+00D9 (decimal 217)
   defining Unicode char U+00DA (decimal 218)
   defining Unicode char U+00DB (decimal 219)
   defining Unicode char U+00DC (decimal 220)
   defining Unicode char U+00DD (decimal 221)
   defining Unicode char U+00DE (decimal 222)
   defining Unicode char U+00DF (decimal 223)
   defining Unicode char U+00E0 (decimal 224)
   defining Unicode char U+00E1 (decimal 225)
   defining Unicode char U+00E2 (decimal 226)
   defining Unicode char U+00E3 (decimal 227)
   defining Unicode char U+00E4 (decimal 228)
   defining Unicode char U+00E5 (decimal 229)
   defining Unicode char U+00E6 (decimal 230)
   defining Unicode char U+00E7 (decimal 231)
   defining Unicode char U+00E8 (decimal 232)
   defining Unicode char U+00E9 (decimal 233)
   defining Unicode char U+00EA (decimal 234)
   defining Unicode char U+00EB (decimal 235)
   defining Unicode char U+00EC (decimal 236)
   defining Unicode char U+00ED (decimal 237)
   defining Unicode char U+00EE (decimal 238)
   defining Unicode char U+00EF (decimal 239)
   defining Unicode char U+00F0 (decimal 240)
   defining Unicode char U+00F1 (decimal 241)
   defining Unicode char U+00F2 (decimal 242)
   defining Unicode char U+00F3 (decimal 243)
   defining Unicode char U+00F4 (decimal 244)
   defining Unicode char U+00F5 (decimal 245)
   defining Unicode char U+00F6 (decimal 246)
   defining Unicode char U+00F8 (decimal 248)
   defining Unicode char U+00F9 (decimal 249)
   defining Unicode char U+00FA (decimal 250)
   defining Unicode char U+00FB (decimal 251)
   defining Unicode char U+00FC (decimal 252)
   defining Unicode char U+00FD (decimal 253)
   defining Unicode char U+00FE (decimal 254)
   defining Unicode char U+00FF (decimal 255)
   defining Unicode char U+0102 (decimal 258)
   defining Unicode char U+0103 (decimal 259)
   defining Unicode char U+0104 (decimal 260)
   defining Unicode char U+0105 (decimal 261)
   defining Unicode char U+0106 (decimal 262)
   defining Unicode char U+0107 (decimal 263)
   defining Unicode char U+010C (decimal 268)
   defining Unicode char U+010D (decimal 269)
   defining Unicode char U+010E (decimal 270)
   defining Unicode char U+010F (decimal 271)
   defining Unicode char U+0110 (decimal 272)
   defining Unicode char U+0111 (decimal 273)
   defining Unicode char U+0118 (decimal 280)
   defining Unicode char U+0119 (decimal 281)
   defining Unicode char U+011A (decimal 282)
   defining Unicode char U+011B (decimal 283)
   defining Unicode char U+011E (decimal 286)
   defining Unicode char U+011F (decimal 287)
   defining Unicode char U+0130 (decimal 304)
   defining Unicode char U+0131 (decimal 305)
   defining Unicode char U+0132 (decimal 306)
   defining Unicode char U+0133 (decimal 307)
   defining Unicode char U+0139 (decimal 313)
   defining Unicode char U+013A (decimal 314)
   defining Unicode char U+013D (decimal 317)
   defining Unicode char U+013E (decimal 318)
   defining Unicode char U+0141 (decimal 321)
   defining Unicode char U+0142 (decimal 322)
   defining Unicode char U+0143 (decimal 323)
   defining Unicode char U+0144 (decimal 324)
   defining Unicode char U+0147 (decimal 327)
   defining Unicode char U+0148 (decimal 328)
   defining Unicode char U+014A (decimal 330)
   defining Unicode char U+014B (decimal 331)
   defining Unicode char U+0150 (decimal 336)
   defining Unicode char U+0151 (decimal 337)
   defining Unicode char U+0152 (decimal 338)
   defining Unicode char U+0153 (decimal 339)
   defining Unicode char U+0154 (decimal 340)
   defining Unicode char U+0155 (decimal 341)
   defining Unicode char U+0158 (decimal 344)
   defining Unicode char U+0159 (decimal 345)
   defining Unicode char U+015A (decimal 346)
   defining Unicode char U+015B (decimal 347)
   defining Unicode char U+015E (decimal 350)
   defining Unicode char U+015F (decimal 351)
   defining Unicode char U+0160 (decimal 352)
   defining Unicode char U+0161 (decimal 353)
   defining Unicode char U+0162 (decimal 354)
   defining Unicode char U+0163 (decimal 355)
   defining Unicode char U+0164 (decimal 356)
   defining Unicode char U+0165 (decimal 357)
   defining Unicode char U+016E (decimal 366)
   defining Unicode char U+016F (decimal 367)
   defining Unicode char U+0170 (decimal 368)
   defining Unicode char U+0171 (decimal 369)
   defining Unicode char U+0178 (decimal 376)
   defining Unicode char U+0179 (decimal 377)
   defining Unicode char U+017A (decimal 378)
   defining Unicode char U+017B (decimal 379)
   defining Unicode char U+017C (decimal 380)
   defining Unicode char U+017D (decimal 381)
   defining Unicode char U+017E (decimal 382)
   defining Unicode char U+200C (decimal 8204)
   defining Unicode char U+2013 (decimal 8211)
   defining Unicode char U+2014 (decimal 8212)
   defining Unicode char U+2018 (decimal 8216)
   defining Unicode char U+2019 (decimal 8217)
   defining Unicode char U+201A (decimal 8218)
   defining Unicode char U+201C (decimal 8220)
   defining Unicode char U+201D (decimal 8221)
   defining Unicode char U+201E (decimal 8222)
   defining Unicode char U+2030 (decimal 8240)
   defining Unicode char U+2031 (decimal 8241)
   defining Unicode char U+2039 (decimal 8249)
   defining Unicode char U+203A (decimal 8250)
   defining Unicode char U+2423 (decimal 9251)
)
Now handling font encoding OT1 ...
... processing UTF-8 mapping file for font encoding OT1

(/usr/share/texlive/texmf-dist/tex/latex/base/ot1enc.dfu
File: ot1enc.dfu 2008/04/05 v1.1m UTF-8 support for inputenc
   defining Unicode char U+00A1 (decimal 161)
   defining Unicode char U+00A3 (decimal 163)
   defining Unicode char U+00B8 (decimal 184)
   defining Unicode char U+00BF (decimal 191)
   defining Unicode char U+00C5 (decimal 197)
   defining Unicode char U+00C6 (decimal 198)
   defining Unicode char U+00D8 (decimal 216)
   defining Unicode char U+00DF (decimal 223)
   defining Unicode char U+00E6 (decimal 230)
   defining Unicode char U+00EC (decimal 236)
   defining Unicode char U+00ED (decimal 237)
   defining Unicode char U+00EE (decimal 238)
   defining Unicode char U+00EF (decimal 239)
   defining Unicode char U+00F8 (decimal 248)
   defining Unicode char U+0131 (decimal 305)
   defining Unicode char U+0141 (decimal 321)
   defining Unicode char U+0142 (decimal 322)
   defining Unicode char U+0152 (decimal 338)
   defining Unicode char U+0153 (decimal 339)
   defining Unicode char U+2013 (decimal 8211)
   defining Unicode char U+2014 (decimal 8212)
   defining Unicode char U+2018 (decimal 8216)
   defining Unicode char U+2019 (decimal 8217)
   defining Unicode char U+201C (decimal 8220)
   defining Unicode char U+201D (decimal 8221)
)
Now handling font encoding OMS ...
... processing UTF-8 mapping file for font encoding OMS

(/usr/share/texlive/texmf-dist/tex/latex/base/omsenc.dfu
File: omsenc.dfu 2008/04/05 v1.1m UTF-8 support for inputenc
   defining Unicode char U+00A7 (decimal 167)
   defining Unicode char U+00B6 (decimal 182)
   defining Unicode char U+00B7 (decimal 183)
   defining Unicode char U+2020 (decimal 8224)
   defining Unicode char U+2021 (decimal 8225)
   defining Unicode char U+2022 (decimal 8226)
)
Now handling font encoding OMX ...
... no UTF-8 mapping file for font encoding OMX
Now handling font encoding U ...
... no UTF-8 mapping file for font encoding U
   defining Unicode char U+00A9 (decimal 169)
   defining Unicode char U+00AA (decimal 170)
   defining Unicode char U+00AE (decimal 174)
   defining Unicode char U+00BA (decimal 186)
   defining Unicode char U+02C6 (decimal 710)
   defining Unicode char U+02DC (decimal 732)
   defining Unicode char U+200C (decimal 8204)
   defining Unicode char U+2026 (decimal 8230)
   defining Unicode char U+2122 (decimal 8482)
   defining Unicode char U+2423 (decimal 9251)
))
(/usr/share/texlive/texmf-dist/tex/latex/base/fontenc.sty
Package: fontenc 2005/09/27 v1.99g Standard LaTeX package

(/usr/share/texlive/texmf-dist/tex/latex/base/t1enc.def
File: t1enc.def 2005/09/27 v1.99g Standard LaTeX file
LaTeX Font Info:    Redeclaring font encoding T1 on input line 43.
))
(/usr/share/texlive/texmf-dist/tex/latex/titlesec/titlesec.sty
Package: titlesec 2011/12/15 v2.10.0 Sectioning titles
\ttl@box=\box54
\beforetitleunit=\skip60
\aftertitleunit=\skip61
\ttl@plus=\dimen181
\ttl@minus=\dimen182
\ttl@toksa=\toks23
\titlewidth=\dimen183
\titlewidthlast=\dimen184
\titlewidthfirst=\dimen185
)
(/usr/share/texlive/texmf-dist/tex/latex/psnfss/palatino.sty
Package: palatino 2005/04/12 PSNFSS-v9.2a (SPQR) 
)
(/usr/share/texlive/texmf-dist/tex/latex/biblatex/biblatex.sty
Package: biblatex 2013/11/25 v2.8a programmable bibliographies (PK/JW/AB)

(/usr/share/texlive/texmf-dist/tex/latex/biblatex/biblatex1.sty
Package: biblatex1 2013/11/25 v2.8a programmable bibliographies (bibtex) (PK/JW
/AB)

(/usr/share/texlive/texmf-dist/tex/latex/logreq/logreq.sty
Package: logreq 2010/08/04 v1.0 xml request logger
\lrq@indent=\count152

(/usr/share/texlive/texmf-dist/tex/latex/logreq/logreq.def
File: logreq.def 2010/08/04 v1.0 logreq spec v1.0
))
(/usr/share/texlive/texmf-dist/tex/latex/base/ifthen.sty
Package: ifthen 2001/05/26 v1.1c Standard LaTeX ifthen package (DPC)
)
(/usr/share/texlive/texmf-dist/tex/latex/url/url.sty
\Urlmuskip=\muskip16
Package: url 2013/09/16  ver 3.4  Verb mode for urls, etc.
)
\c@tabx@nest=\count153
\c@listtotal=\count154
\c@listcount=\count155
\c@liststart=\count156
\c@liststop=\count157
\c@citecount=\count158
\c@citetotal=\count159
\c@multicitecount=\count160
\c@multicitetotal=\count161
\c@instcount=\count162
\c@maxnames=\count163
\c@minnames=\count164
\c@maxitems=\count165
\c@minitems=\count166
\c@citecounter=\count167
\c@savedcitecounter=\count168
\c@uniquelist=\count169
\c@uniquename=\count170
\c@refsection=\count171
\c@refsegment=\count172
\c@maxextrayear=\count173
\c@maxextraalpha=\count174
\c@abbrvpenalty=\count175
\c@highnamepenalty=\count176
\c@lownamepenalty=\count177
\c@maxparens=\count178
\c@parenlevel=\count179
\blx@tempcnta=\count180
\blx@tempcntb=\count181
\blx@tempcntc=\count182
\blx@maxsection=\count183
\blx@maxsegment=\count184
\blx@notetype=\count185
\blx@parenlevel@text=\count186
\blx@parenlevel@foot=\count187
\labelnumberwidth=\skip62
\labelalphawidth=\skip63
\shorthandwidth=\skip64
\biblabelsep=\skip65
\bibitemsep=\skip66
\bibnamesep=\skip67
\bibinitsep=\skip68
\bibparsep=\skip69
\bibhang=\skip70
\blx@auxin=\read2
\blx@auxout=\write3
\c@mincomprange=\count188
\c@maxcomprange=\count189
\c@mincompwidth=\count190
\c@labelname=\count191
\c@savedlabelname=\count192
\c@author=\count193
\c@savedauthor=\count194
\c@shortauthor=\count195
\c@savedshortauthor=\count196
\c@editor=\count197
\c@savededitor=\count198
\c@editora=\count199
\c@savededitora=\count200
\c@editorb=\count201
Normal \count register pool exhausted, switching to extended pool.
\c@savededitorb=\count277
\c@editorc=\count278
\c@savededitorc=\count279
\c@shorteditor=\count280
\c@savedshorteditor=\count281
\c@bookauthor=\count282
\c@savedbookauthor=\count283
\c@translator=\count284
\c@savedtranslator=\count285
\c@annotator=\count286
\c@savedannotator=\count287
\c@commentator=\count288
\c@savedcommentator=\count289
\c@introduction=\count290
\c@savedintroduction=\count291
\c@foreword=\count292
\c@savedforeword=\count293
\c@afterword=\count294
\c@savedafterword=\count295
\c@holder=\count296
\c@savedholder=\count297
\c@namea=\count298
\c@savednamea=\count299
\c@nameb=\count300
\c@savednameb=\count301
\c@namec=\count302
\c@savednamec=\count303
\c@institution=\count304
\c@savedinstitution=\count305
\c@language=\count306
\c@savedlanguage=\count307
\c@location=\count308
\c@savedlocation=\count309
\c@organization=\count310
\c@savedorganization=\count311
\c@origlocation=\count312
\c@savedoriglocation=\count313
\c@origpublisher=\count314
\c@savedorigpublisher=\count315
\c@pageref=\count316
\c@savedpageref=\count317
\c@publisher=\count318
\c@savedpublisher=\count319
\c@lista=\count320
\c@savedlista=\count321
\c@listb=\count322
\c@savedlistb=\count323
\c@listc=\count324
\c@savedlistc=\count325
\c@listd=\count326
\c@savedlistd=\count327
\c@liste=\count328
\c@savedliste=\count329
\c@listf=\count330
\c@savedlistf=\count331
Package biblatex Info: Trying to load compatibility code...
Package biblatex Info: ... file 'blx-compat.def' found.

(/usr/share/texlive/texmf-dist/tex/latex/biblatex/blx-compat.def
File: blx-compat.def 2013/11/25 v2.8a biblatex compatibility (PK/JW/AB)
)
Package biblatex Info: Trying to load generic definitions...
Package biblatex Info: ... file 'biblatex.def' found.

(/usr/share/texlive/texmf-dist/tex/latex/biblatex/biblatex.def
File: biblatex.def 
\c@textcitecount=\count332
\c@textcitetotal=\count333
\c@textcitemaxnames=\count334
\c@biburlnumpenalty=\count335
\c@biburlucpenalty=\count336
\c@biburllcpenalty=\count337
\c@smartand=\count338
)
Package biblatex Info: Trying to load natbib compatibility...
Package biblatex Info: ... file 'blx-natbib.def' found.

(/usr/share/texlive/texmf-dist/tex/latex/biblatex/blx-natbib.def
File: blx-natbib.def 2013/11/25 v2.8a biblatex compatibility (PK/JW/AB)
)
Package biblatex Info: Trying to load bibliography style 'authoryear'...
Package biblatex Info: ... file 'authoryear.bbx' found.

(/usr/share/texlive/texmf-dist/tex/latex/biblatex/bbx/authoryear.bbx
File: authoryear.bbx 2013/11/25 v2.8a biblatex bibliography style (PK/JW/AB)
Package biblatex Info: Trying to load bibliography style 'standard'...
Package biblatex Info: ... file 'standard.bbx' found.

(/usr/share/texlive/texmf-dist/tex/latex/biblatex/bbx/standard.bbx
File: standard.bbx 2013/11/25 v2.8a biblatex bibliography style (PK/JW/AB)
\c@bbx:relatedcount=\count339
\c@bbx:relatedtotal=\count340
))
Package biblatex Info: Trying to load citation style 'authoryear'...
Package biblatex Info: ... file 'authoryear.cbx' found.

(/usr/share/texlive/texmf-dist/tex/latex/biblatex/cbx/authoryear.cbx
File: authoryear.cbx 2013/11/25 v2.8a biblatex citation style (PK/JW/AB)
Package biblatex Info: Redefining '\cite'.
Package biblatex Info: Redefining '\parencite'.
Package biblatex Info: Redefining '\footcite'.
Package biblatex Info: Redefining '\footcitetext'.
Package biblatex Info: Redefining '\smartcite'.
Package biblatex Info: Redefining '\textcite'.
Package biblatex Info: Redefining '\textcites'.
)
Package biblatex Info: Trying to load configuration file...
Package biblatex Info: ... file 'biblatex.cfg' found.

(/usr/share/texlive/texmf-dist/tex/latex/biblatex/biblatex.cfg
File: biblatex.cfg 
)))
(/usr/share/texlive/texmf-dist/tex/latex/hyperref/hyperref.sty
Package: hyperref 2012/11/06 v6.83m Hypertext links for LaTeX

(/usr/share/texlive/texmf-dist/tex/generic/oberdiek/hobsub-hyperref.sty
Package: hobsub-hyperref 2012/05/28 v1.13 Bundle oberdiek, subset hyperref (HO)


(/usr/share/texlive/texmf-dist/tex/generic/oberdiek/hobsub-generic.sty
Package: hobsub-generic 2012/05/28 v1.13 Bundle oberdiek, subset generic (HO)
Package: hobsub 2012/05/28 v1.13 Construct package bundles (HO)
Package hobsub Info: Skipping package `infwarerr' (already loaded).
Package hobsub Info: Skipping package `ltxcmds' (already loaded).
Package: ifluatex 2010/03/01 v1.3 Provides the ifluatex switch (HO)
Package ifluatex Info: LuaTeX not detected.
Package hobsub Info: Skipping package `ifvtex' (already loaded).
Package: intcalc 2007/09/27 v1.1 Expandable calculations with integers (HO)
Package hobsub Info: Skipping package `ifpdf' (already loaded).
Package: etexcmds 2011/02/16 v1.5 Avoid name clashes with e-TeX commands (HO)
Package etexcmds Info: Could not find \expanded.
(etexcmds)             That can mean that you are not using pdfTeX 1.50 or
(etexcmds)             that some package has redefined \expanded.
(etexcmds)             In the latter case, load this package earlier.
Package: kvsetkeys 2012/04/25 v1.16 Key value parser (HO)
Package: kvdefinekeys 2011/04/07 v1.3 Define keys (HO)
Package: pdftexcmds 2011/11/29 v0.20 Utility functions of pdfTeX for LuaTeX (HO
)
Package pdftexcmds Info: LuaTeX not detected.
Package pdftexcmds Info: \pdf@primitive is available.
Package pdftexcmds Info: \pdf@ifprimitive is available.
Package pdftexcmds Info: \pdfdraftmode found.
Package: pdfescape 2011/11/25 v1.13 Implements pdfTeX's escape features (HO)
Package: bigintcalc 2012/04/08 v1.3 Expandable calculations on big integers (HO
)
Package: bitset 2011/01/30 v1.1 Handle bit-vector datatype (HO)
Package: uniquecounter 2011/01/30 v1.2 Provide unlimited unique counter (HO)
)
Package hobsub Info: Skipping package `hobsub' (already loaded).
Package: letltxmacro 2010/09/02 v1.4 Let assignment for LaTeX macros (HO)
Package: hopatch 2012/05/28 v1.2 Wrapper for package hooks (HO)
Package: xcolor-patch 2011/01/30 xcolor patch
Package: atveryend 2011/06/30 v1.8 Hooks at the very end of document (HO)
Package: atbegshi 2011/10/05 v1.16 At begin shipout hook (HO)
Package: refcount 2011/10/16 v3.4 Data extraction from label references (HO)
Package: hycolor 2011/01/30 v1.7 Color options for hyperref/bookmark (HO)
)
(/usr/share/texlive/texmf-dist/tex/latex/oberdiek/auxhook.sty
Package: auxhook 2011/03/04 v1.3 Hooks for auxiliary files (HO)
)
(/usr/share/texlive/texmf-dist/tex/latex/oberdiek/kvoptions.sty
Package: kvoptions 2011/06/30 v3.11 Key value format for package options (HO)
)
\@linkdim=\dimen186
\Hy@linkcounter=\count341
\Hy@pagecounter=\count342

(/usr/share/texlive/texmf-dist/tex/latex/hyperref/pd1enc.def
File: pd1enc.def 2012/11/06 v6.83m Hyperref: PDFDocEncoding definition (HO)
Now handling font encoding PD1 ...
... no UTF-8 mapping file for font encoding PD1
)
\Hy@SavedSpaceFactor=\count343

(/usr/share/texlive/texmf-dist/tex/latex/latexconfig/hyperref.cfg
File: hyperref.cfg 2002/06/06 v1.2 hyperref configuration of TeXLive
)
Package hyperref Info: Hyper figures OFF on input line 4443.
Package hyperref Info: Link nesting OFF on input line 4448.
Package hyperref Info: Hyper index ON on input line 4451.
Package hyperref Info: Plain pages OFF on input line 4458.
Package hyperref Info: Backreferencing OFF on input line 4463.
Package hyperref Info: Implicit mode ON; LaTeX internals redefined.
Package hyperref Info: Bookmarks ON on input line 4688.
\c@Hy@tempcnt=\count344
LaTeX Info: Redefining \url on input line 5041.
\XeTeXLinkMargin=\dimen187
\Fld@menulength=\count345
\Field@Width=\dimen188
\Fld@charsize=\dimen189
Package hyperref Info: Hyper figures OFF on input line 6295.
Package hyperref Info: Link nesting OFF on input line 6300.
Package hyperref Info: Hyper index ON on input line 6303.
Package hyperref Info: backreferencing OFF on input line 6310.
Package hyperref Info: Link coloring OFF on input line 6315.
Package hyperref Info: Link coloring with OCG OFF on input line 6320.
Package hyperref Info: PDF/A mode OFF on input line 6325.
LaTeX Info: Redefining \ref on input line 6365.
LaTeX Info: Redefining \pageref on input line 6369.
\Hy@abspage=\count346
\c@Item=\count347
\c@Hfootnote=\count348
)
Package scrhack Info: hyperref hack deactivated because of
(scrhack)             detection of hyperref version, that doesn't
(scrhack)             need that hack, on input line 21.


Package hyperref Message: Driver (autodetected): hpdftex.

(/usr/share/texlive/texmf-dist/tex/latex/hyperref/hpdftex.def
File: hpdftex.def 2012/11/06 v6.83m Hyperref driver for pdfTeX
\Fld@listcount=\count349
\c@bookmark@seq@number=\count350

(/usr/share/texlive/texmf-dist/tex/latex/oberdiek/rerunfilecheck.sty
Package: rerunfilecheck 2011/04/15 v1.7 Rerun checks for auxiliary files (HO)
Package uniquecounter Info: New unique counter `rerunfilecheck' on input line 2
82.
)
\Hy@SectionHShift=\skip71
)
Package hyperref Info: Option `bookmarksopen' set `true' on input line 21.
Package hyperref Info: Option `hypertexnames' set `false' on input line 21.
Package hyperref Info: Option `colorlinks' set `true' on input line 21.
Package hyperref Info: Option `unicode' set `true' on input line 21.

(/usr/share/texlive/texmf-dist/tex/latex/hyperref/puenc.def
File: puenc.def 2012/11/06 v6.83m Hyperref: PDF Unicode definition (HO)
Now handling font encoding PU ...
... no UTF-8 mapping file for font encoding PU
)
Package hyperref Info: Option `breaklinks' set `true' on input line 21.

(/usr/share/texlive/texmf-dist/tex/latex/csquotes/csquotes.sty
Package: csquotes 2011/10/22 v5.1d context-sensitive quotations
\csq@reset=\count351
\csq@gtype=\count352
\csq@glevel=\count353
\csq@qlevel=\count354
\csq@maxlvl=\count355
\csq@tshold=\count356
\csq@ltx@everypar=\toks24

(/usr/share/texlive/texmf-dist/tex/latex/csquotes/csquotes.def
File: csquotes.def 2011/10/22 v5.1d csquotes generic definitions
)
Package csquotes Info: Trying to load configuration file 'csquotes.cfg'...
Package csquotes Info: ... configuration file loaded successfully.

(/usr/share/texlive/texmf-dist/tex/latex/csquotes/csquotes.cfg
File: csquotes.cfg 
)
Package csquotes Info: Enabling multilingual quotes.
)
Package biblatex Info: Trying to load language 'english'...
Package biblatex Info: ... file 'english.lbx' found.

(/usr/share/texlive/texmf-dist/tex/latex/biblatex/lbx/english.lbx
File: english.lbx 2013/11/25 v2.8a biblatex localization (PK/JW/AB)
)
Package csquotes Info: Checking for multilingual support...
Package csquotes Info: ... found 'babel' package.
 (./main.aux
(./Chapters/Chapter1.aux) (./Chapters/Chapter2.aux) (./Chapters/Chapter3.aux)
(./Chapters/Chapter4.aux) (./Chapters/Chapter5.aux) (./Chapters/Chapter6.aux)
(./Chapters/Chapter7.aux) (./Chapters/Chapter8.aux) (./Chapters/Chapter9.aux)
(./Chapters/Chapter10.aux) (./BIB/bibliography.aux

LaTeX Warning: Label `TCP' multiply defined.


LaTeX Warning: Label `TCP' multiply defined.


LaTeX Warning: Label `TCP' multiply defined.


LaTeX Warning: Label `TCP' multiply defined.


LaTeX Warning: Label `TCP' multiply defined.


LaTeX Warning: Label `TCP' multiply defined.

))
\openout1 = `main.aux'.

LaTeX Font Info:    Checking defaults for OML/cmm/m/it on input line 68.
LaTeX Font Info:    ... okay on input line 68.
LaTeX Font Info:    Checking defaults for T1/cmr/m/n on input line 68.
LaTeX Font Info:    ... okay on input line 68.
LaTeX Font Info:    Checking defaults for OT1/cmr/m/n on input line 68.
LaTeX Font Info:    ... okay on input line 68.
LaTeX Font Info:    Checking defaults for OMS/cmsy/m/n on input line 68.
LaTeX Font Info:    ... okay on input line 68.
LaTeX Font Info:    Checking defaults for OMX/cmex/m/n on input line 68.
LaTeX Font Info:    ... okay on input line 68.
LaTeX Font Info:    Checking defaults for U/cmr/m/n on input line 68.
LaTeX Font Info:    ... okay on input line 68.
LaTeX Font Info:    Checking defaults for PD1/pdf/m/n on input line 68.
LaTeX Font Info:    ... okay on input line 68.
LaTeX Font Info:    Checking defaults for PU/pdf/m/n on input line 68.
LaTeX Font Info:    ... okay on input line 68.
LaTeX Font Info:    Try loading font information for T1+ppl on input line 68.
 (/usr/share/texlive/texmf-dist/tex/latex/psnfss/t1ppl.fd
File: t1ppl.fd 2001/06/04 font definitions for T1/ppl.
)
Now handling font encoding TS1 ...
... processing UTF-8 mapping file for font encoding TS1

(/usr/share/texlive/texmf-dist/tex/latex/base/ts1enc.dfu
File: ts1enc.dfu 2008/04/05 v1.1m UTF-8 support for inputenc
   defining Unicode char U+00A2 (decimal 162)
   defining Unicode char U+00A3 (decimal 163)
   defining Unicode char U+00A4 (decimal 164)
   defining Unicode char U+00A5 (decimal 165)
   defining Unicode char U+00A6 (decimal 166)
   defining Unicode char U+00A7 (decimal 167)
   defining Unicode char U+00A8 (decimal 168)
   defining Unicode char U+00A9 (decimal 169)
   defining Unicode char U+00AA (decimal 170)
   defining Unicode char U+00AC (decimal 172)
   defining Unicode char U+00AE (decimal 174)
   defining Unicode char U+00AF (decimal 175)
   defining Unicode char U+00B0 (decimal 176)
   defining Unicode char U+00B1 (decimal 177)
   defining Unicode char U+00B2 (decimal 178)
   defining Unicode char U+00B3 (decimal 179)
   defining Unicode char U+00B4 (decimal 180)
   defining Unicode char U+00B5 (decimal 181)
   defining Unicode char U+00B6 (decimal 182)
   defining Unicode char U+00B7 (decimal 183)
   defining Unicode char U+00B9 (decimal 185)
   defining Unicode char U+00BA (decimal 186)
   defining Unicode char U+00BC (decimal 188)
   defining Unicode char U+00BD (decimal 189)
   defining Unicode char U+00BE (decimal 190)
   defining Unicode char U+00D7 (decimal 215)
   defining Unicode char U+00F7 (decimal 247)
   defining Unicode char U+0192 (decimal 402)
   defining Unicode char U+02C7 (decimal 711)
   defining Unicode char U+02D8 (decimal 728)
   defining Unicode char U+02DD (decimal 733)
   defining Unicode char U+0E3F (decimal 3647)
   defining Unicode char U+2016 (decimal 8214)
   defining Unicode char U+2020 (decimal 8224)
   defining Unicode char U+2021 (decimal 8225)
   defining Unicode char U+2022 (decimal 8226)
   defining Unicode char U+2030 (decimal 8240)
   defining Unicode char U+2031 (decimal 8241)
   defining Unicode char U+203B (decimal 8251)
   defining Unicode char U+203D (decimal 8253)
   defining Unicode char U+2044 (decimal 8260)
   defining Unicode char U+204E (decimal 8270)
   defining Unicode char U+2052 (decimal 8274)
   defining Unicode char U+20A1 (decimal 8353)
   defining Unicode char U+20A4 (decimal 8356)
   defining Unicode char U+20A6 (decimal 8358)
   defining Unicode char U+20A9 (decimal 8361)
   defining Unicode char U+20AB (decimal 8363)
   defining Unicode char U+20AC (decimal 8364)
   defining Unicode char U+20B1 (decimal 8369)
   defining Unicode char U+2103 (decimal 8451)
   defining Unicode char U+2116 (decimal 8470)
   defining Unicode char U+2117 (decimal 8471)
   defining Unicode char U+211E (decimal 8478)
   defining Unicode char U+2120 (decimal 8480)
   defining Unicode char U+2122 (decimal 8482)
   defining Unicode char U+2126 (decimal 8486)
   defining Unicode char U+2127 (decimal 8487)
   defining Unicode char U+212E (decimal 8494)
   defining Unicode char U+2190 (decimal 8592)
   defining Unicode char U+2191 (decimal 8593)
   defining Unicode char U+2192 (decimal 8594)
   defining Unicode char U+2193 (decimal 8595)
   defining Unicode char U+2329 (decimal 9001)
   defining Unicode char U+232A (decimal 9002)
   defining Unicode char U+2422 (decimal 9250)
   defining Unicode char U+25E6 (decimal 9702)
   defining Unicode char U+25EF (decimal 9711)
   defining Unicode char U+266A (decimal 9834)
)
(/usr/share/texmf/tex/latex/beamer/base/translator/dicts/translator-basic-dicti
onary/translator-basic-dictionary-English.dict
Dictionary: translator-basic-dictionary, Language: English 
)
(/usr/share/texlive/texmf-dist/tex/latex/siunitx/config/siunitx-abbreviations.c
fg
File: siunitx-abbreviations.cfg 2013/07/31 v2.5s siunitx: Abbreviated units
) (/usr/share/texlive/texmf-dist/tex/context/base/supp-pdf.mkii
[Loading MPS to PDF converter (version 2006.09.02).]
\scratchcounter=\count357
\scratchdimen=\dimen190
\scratchbox=\box55
\nofMPsegments=\count358
\nofMParguments=\count359
\everyMPshowfont=\toks25
\MPscratchCnt=\count360
\MPscratchDim=\dimen191
\MPnumerator=\count361
\makeMPintoPDFobject=\count362
\everyMPtoPDFconversion=\toks26
) (/usr/share/texlive/texmf-dist/tex/latex/oberdiek/epstopdf-base.sty
Package: epstopdf-base 2010/02/09 v2.5 Base part for package epstopdf

(/usr/share/texlive/texmf-dist/tex/latex/oberdiek/grfext.sty
Package: grfext 2010/08/19 v1.1 Manage graphics extensions (HO)
)
Package grfext Info: Graphics extension search list:
(grfext)             [.png,.pdf,.jpg,.mps,.jpeg,.jbig2,.jb2,.PNG,.PDF,.JPG,.JPE
G,.JBIG2,.JB2,.eps]
(grfext)             \AppendGraphicsExtensions on input line 452.

(/usr/share/texlive/texmf-dist/tex/latex/latexconfig/epstopdf-sys.cfg
File: epstopdf-sys.cfg 2010/07/13 v1.3 Configuration of (r)epstopdf for TeX Liv
e
))
Package caption Info: Begin \AtBeginDocument code.
Package caption Info: float package is loaded.
Package caption Info: hyperref package is loaded.
Package caption Info: End \AtBeginDocument code.

*geometry* driver: auto-detecting
*geometry* detected driver: pdftex
*geometry* verbose mode - [ preamble ] result:
* driver: pdftex
* paper: a4paper
* layout: <same size as paper>
* layoutoffset:(h,v)=(0.0pt,0.0pt)
* bindingoffset: 56.9055pt
* modes: includehead includefoot twoside 
* h-part:(L,W,R)=(71.13188pt, 361.34995pt, 108.12054pt)
* v-part:(T,H,B)=(71.13188pt, 702.78308pt, 71.13188pt)
* \paperwidth=597.50787pt
* \paperheight=845.04684pt
* \textwidth=361.34995pt
* \textheight=632.24767pt
* \oddsidemargin=55.7674pt
* \evensidemargin=35.85056pt
* \topmargin=-1.1381pt
* \headheight=20.66162pt
* \headsep=19.8738pt
* \topskip=12.0pt
* \footskip=30.0pt
* \marginparwidth=98.0pt
* \marginparsep=7.0pt
* \columnsep=10.0pt
* \skip\footins=10.8pt plus 4.0pt minus 2.0pt
* \hoffset=0.0pt
* \voffset=0.0pt
* \mag=1000
* \@twocolumnfalse
* \@twosidetrue
* \@mparswitchtrue
* \@reversemarginfalse
* (1in=72.27pt=25.4mm, 1cm=28.453pt)

Package scrlayer Info: Setting magic \footheight to \baselineskip while
(scrlayer)             \begin{document} on input line 68.
Package scrbase Info: activating english \authorshipname on input line 68.
Package scrbase Info: activating english \byname on input line 68.
Package scrbase Info: activating english \abbrevname on input line 68.
Package scrbase Info: activating english \constantsname on input line 68.
Package scrbase Info: activating english \symbolsname on input line 68.
Package scrbase Info: activating english \acknowledgementname on input line 68.

Package biblatex Info: Input encoding 'utf8' detected.
Package biblatex Info: Automatic encoding selection.
(biblatex)             Assuming data encoding 'utf8'.

Package biblatex Warning: Data encoding is 'utf8'.
(biblatex)                Use backend=biber.

\openout3 = `main-blx.bib'.

Package biblatex Info: Trying to load bibliographic data...
Package biblatex Info: ... file 'main.bbl' not found.
No file main.bbl.
Package biblatex Info: Reference section=0 on input line 68.
Package biblatex Info: Reference segment=0 on input line 68.
\AtBeginShipoutBox=\box56
(/usr/share/texlive/texmf-dist/tex/latex/graphics/color.sty
Package: color 2005/11/14 v1.0j Standard LaTeX Color (DPC)
LaTeX Info: Redefining \color on input line 76.

(/usr/share/texlive/texmf-dist/tex/latex/latexconfig/color.cfg
File: color.cfg 2007/01/18 v1.5 color configuration of teTeX/TeXLive
)
Package color Info: Driver file: pdftex.def on input line 130.
)
Package hyperref Info: Link coloring ON on input line 68.

(/usr/share/texlive/texmf-dist/tex/latex/hyperref/nameref.sty
Package: nameref 2012/10/27 v2.43 Cross-referencing by name of section

(/usr/share/texlive/texmf-dist/tex/generic/oberdiek/gettitlestring.sty
Package: gettitlestring 2010/12/03 v1.4 Cleanup title references (HO)
)
\c@section@level=\count363
)
LaTeX Info: Redefining \ref on input line 68.
LaTeX Info: Redefining \pageref on input line 68.
LaTeX Info: Redefining \nameref on input line 68.

(./main.out) (./main.out)
\@outlinefile=\write4
\openout4 = `main.out'.

\c__siunitx_mathsf_int=\count364
LaTeX Font Info:    External font `cmex10' loaded for size
(Font)              <12> on input line 68.
LaTeX Font Info:    External font `cmex10' loaded for size
(Font)              <8> on input line 68.
LaTeX Font Info:    External font `cmex10' loaded for size
(Font)              <6> on input line 68.
\c__siunitx_mathtt_int=\count365

1: section

Package hyperref Warning: Suppressing empty link on input line 82.

LaTeX Font Info:    Font shape `T1/ppl/bx/n' in size <24.88> not available
(Font)              Font shape `T1/ppl/b/n' tried instead on input line 84.

Package hyperref Warning: Suppressing link with empty target on input line 91.

<Chapters/images/Logo.png, id=304, 120.45pt x 116.8365pt>
File: Chapters/images/Logo.png Graphic file (type png)

<use Chapters/images/Logo.png>
Package pdftex.def Info: Chapters/images/Logo.png used on input line 118.
(pdftex.def)             Requested size: 120.44969pt x 116.83621pt.

Overfull \hbox (12.04361pt too wide) in paragraph at lines 118--119
 [][] 
 []

[1



{/var/lib/texmf/fonts/map/pdftex/updmap/pdftex.map} <./Chapters/images/Logo.png
>] [2

]
--------------------
 Abstract
--------------------

Package hyperref Warning: Suppressing empty link on input line 131.


Package hyperref Warning: Suppressing empty link on input line 131.

LaTeX Font Info:    Font shape `T1/ppl/bx/n' in size <12> not available
(Font)              Font shape `T1/ppl/b/n' tried instead on input line 131.
1: section
[3] [4

] (./main.toc
1: section
[5] [6])
\tf@toc=\write5
\openout5 = `main.toc'.

 [7] [8

] (./main.lof
Overfull \hbox (16.9947pt too wide) in paragraph at lines 7--7
 [][] [][][]\T1/ppl/m/n/12 AEgIS's Scheme, taken from "AEgIS ex-per-i-ment at C
ERN: 
 []

LaTeX Font Info:    Try loading font information for T1+pcr on input line 9.
(/usr/share/texlive/texmf-dist/tex/latex/psnfss/t1pcr.fd
File: t1pcr.fd 2001/06/04 font definitions for T1/pcr.
)
Overfull \hbox (1.77933pt too wide) in paragraph at lines 29--29
 [][] [][][]\T1/ppl/m/n/12 Intermediate ver-sion: the home-page of gAn Web read
y 
 []

1: section
[9]
Overfull \hbox (6.51863pt too wide) in paragraph at lines 33--33
 [][] [][][]\T1/ppl/m/n/12 Intermediate ver-sion: the edit-configurator page of
 gAn 
 []

[10])
\tf@lof=\write6
\openout6 = `main.lof'.

 [11] [12

]
1: section
\openout2 = `Chapters/Chapter1.aux'.

(./Chapters/Chapter1.tex
Chapter 1.
LaTeX Font Info:    Font shape `T1/ppl/bx/n' in size <17.28> not available
(Font)              Font shape `T1/ppl/b/n' tried instead on input line 11.
<Chapters/images/aegisLogo.png, id=609, 1156.32pt x 314.17375pt>
File: Chapters/images/aegisLogo.png Graphic file (type png)

<use Chapters/images/aegisLogo.png>
Package pdftex.def Info: Chapters/images/aegisLogo.png used on input line 16.
(pdftex.def)             Requested size: 289.07928pt x 78.54324pt.

Overfull \hbox (31.44585pt too wide) in paragraph at lines 20--22
\T1/pcr/m/n/12 nature . com / nature / journal / v419 / n6906 / full / 419439a 
. html$[][]\T1/ppl/m/n/12 )
 []

1: section
[1


 <./Chapters/images/aegisLogo.png>]
<Chapters/images/aegis_collaboration_institutes.pdf, id=617, 722.7pt x 542.025p
t>
File: Chapters/images/aegis_collaboration_institutes.pdf Graphic file (type pdf
)
 <use Chapters/images/aegis_collaboration_institutes.pdf>
Package pdftex.def Info: Chapters/images/aegis_collaboration_institutes.pdf use
d on input line 27.
(pdftex.def)             Requested size: 361.3491pt x 271.01183pt.

<Chapters/images/AEgISScheme.png, id=618, 532.99126pt x 349.305pt>
File: Chapters/images/AEgISScheme.png Graphic file (type png)

<use Chapters/images/AEgISScheme.png>
Package pdftex.def Info: Chapters/images/AEgISScheme.png used on input line 36.

(pdftex.def)             Requested size: 266.49498pt x 174.65207pt.
 [2 <./Chapters/images/aegis_collaboration_institutes.pdf>]
Overfull \hbox (11.67775pt too wide) in paragraph at lines 55--56
\T1/ppl/m/n/12 tron and a pro-ton, the an-ti-hy-dro-gen atom is made up of a po
sitron
 []

<Chapters/images/CERNaccelerators.png, id=764, 1550.79375pt x 973.38657pt>
File: Chapters/images/CERNaccelerators.png Graphic file (type png)

<use Chapters/images/CERNaccelerators.png>
Package pdftex.def Info: Chapters/images/CERNaccelerators.png used on input lin
e 66.
(pdftex.def)             Requested size: 387.6975pt x 243.34604pt.

Overfull \hbox (26.34755pt too wide) in paragraph at lines 66--67
 [][] 
 []

[3 <./Chapters/images/AEgISScheme.png>]
Overfull \hbox (0.51775pt too wide) in paragraph at lines 76--77
\T1/ppl/m/n/12 and driven to col-lide against a "positron-positronium con-verte
r" (that
 []

[4 <./Chapters/images/CERNaccelerators.png>]
<Chapters/images/MoireDeflectometer.png, id=783, 461.725pt x 235.88126pt>
File: Chapters/images/MoireDeflectometer.png Graphic file (type png)

<use Chapters/images/MoireDeflectometer.png>
Package pdftex.def Info: Chapters/images/MoireDeflectometer.png used on input l
ine 84.
(pdftex.def)             Requested size: 230.86194pt x 117.94034pt.
LaTeX Font Info:    External font `cmex10' loaded for size
(Font)              <10.95> on input line 85.

Underfull \hbox (badness 10000) in paragraph at lines 85--85
 \T1/ppl/m/n/10.95 from [][]$\T1/pcr/m/n/10.95 http : / / www . nature . com / 
articles / 
 []

<Chapters/images/SchemeMachineSetUp.png, id=787, 1025.8325pt x 397.485pt>
File: Chapters/images/SchemeMachineSetUp.png Graphic file (type png)

<use Chapters/images/SchemeMachineSetUp.png>
Package pdftex.def Info: Chapters/images/SchemeMachineSetUp.png used on input l
ine 94.
(pdftex.def)             Requested size: 359.04675pt x 139.12183pt.
 [5 <./Chapters/images/MoireDeflectometer.png>] <Chapters/images/zone1.jpg, id=
794, 417.81094pt x 313.17pt>
File: Chapters/images/zone1.jpg Graphic file (type jpg)

<use Chapters/images/zone1.jpg>
Package pdftex.def Info: Chapters/images/zone1.jpg used on input line 108.
(pdftex.def)             Requested size: 292.46567pt x 219.21748pt.

<Chapters/images/zone2.jpg, id=795, 417.81094pt x 313.17pt>
File: Chapters/images/zone2.jpg Graphic file (type jpg)

<use Chapters/images/zone2.jpg>
Package pdftex.def Info: Chapters/images/zone2.jpg used on input line 114.
(pdftex.def)             Requested size: 292.46567pt x 219.21748pt.
 [6 <./Chapters/images/SchemeMachineSetUp.png> <./Chapters/images/zone1.jpg>]
<Chapters/images/zone3.jpg, id=802, 417.81094pt x 313.17pt>
File: Chapters/images/zone3.jpg Graphic file (type jpg)

<use Chapters/images/zone3.jpg>
Package pdftex.def Info: Chapters/images/zone3.jpg used on input line 120.
(pdftex.def)             Requested size: 292.46567pt x 219.21748pt.

<Chapters/images/controlRoom.jpg, id=803, 767.11594pt x 176.91093pt>
File: Chapters/images/controlRoom.jpg Graphic file (type jpg)

<use Chapters/images/controlRoom.jpg>
Package pdftex.def Info: Chapters/images/controlRoom.jpg used on input line 131
.
(pdftex.def)             Requested size: 421.91507pt x 97.3013pt.

Overfull \hbox (60.56512pt too wide) in paragraph at lines 131--132
 [][] 
 []

[7 <./Chapters/images/zone2.jpg> <./Chapters/images/zone3.jpg>]) [8 <./Chapters
/images/controlRoom.jpg>]
\openout2 = `Chapters/Chapter2.aux'.

 (./Chapters/Chapter2.tex
Chapter 2.
<Chapters/images/DataAnalysisProcess.png, id=815, 526.96875pt x 395.22656pt>
File: Chapters/images/DataAnalysisProcess.png Graphic file (type png)

<use Chapters/images/DataAnalysisProcess.png>
Package pdftex.def Info: Chapters/images/DataAnalysisProcess.png used on input 
line 25.
(pdftex.def)             Requested size: 263.48372pt x 197.6128pt.

1: section
[9



]
Overfull \hbox (1.75409pt too wide) in paragraph at lines 40--41
[]\T1/ppl/m/n/12 Data clean-ing: Once pre-processed and or-ga-nized, the data m
ay
 []


Overfull \hbox (0.97293pt too wide) in paragraph at lines 40--41
\T1/ppl/m/n/12 be in-com-plete, con-tain du-pli-cates, or con-tain er-rors. Dat
a clean-
 []

[10 <./Chapters/images/DataAnalysisProcess.png>]
Overfull \hbox (4.42993pt too wide) in paragraph at lines 52--54
[][]$\T1/pcr/m/n/12 really-[]looks-[]like-[]cern-[]the-[]universe$[][] [][]$-[]
and-[]everything$[][]
 []


Overfull \hbox (0.26616pt too wide) in paragraph at lines 55--57
\T1/ppl/m/n/12 ex-per-i-men-tal work: they are not in-ter-ested al-ways at the 
same things,
 []

[11] <Chapters/images/GeneralGAnSchema.png, id=842, 626.34pt x 262.73157pt>
File: Chapters/images/GeneralGAnSchema.png Graphic file (type png)

<use Chapters/images/GeneralGAnSchema.png>
Package pdftex.def Info: Chapters/images/GeneralGAnSchema.png used on input lin
e 74.
(pdftex.def)             Requested size: 313.16922pt x 131.36545pt.
 [12 <./Chapters/images/GeneralGAnSchema.png>] <Chapters/images/DAQSchema.png, 
id=848, 993.7125pt x 616.3025pt>
File: Chapters/images/DAQSchema.png Graphic file (type png)

<use Chapters/images/DAQSchema.png>
Package pdftex.def Info: Chapters/images/DAQSchema.png used on input line 87.
(pdftex.def)             Requested size: 347.80458pt x 215.7091pt.
 [13 <./Chapters/images/DAQSchema.png>]
[14] [15]
Overfull \hbox (4.50125pt too wide) in paragraph at lines 149--151
\T1/ppl/m/n/12 in-ter-faces, and em-bed-ding pro-grams writ-ten in other lan-gu
ages,
 []

[16]
Overfull \hbox (72.76924pt too wide) in paragraph at lines 166--170
\T1/ppl/m/n/12 si-ble here [][]$\T1/pcr/m/n/12 https : / / root . cern . ch / r
oot / htmldoc / guides / users-[]guide /
 []


Overfull \hbox (20.7499pt too wide) in paragraph at lines 166--170
[][]$\T1/pcr/m/n/12 https : / / root . cern . ch / root / htmldoc / guides / us
ers-[]guide /
 []

[17]
Overfull \hbox (1.12881pt too wide) in paragraph at lines 192--193
[]\T1/ppl/m/n/12 Libraries aimed to al-low par-al-lel com-put-ing, (to par-al-l
elize data
 []

<Chapters/images/RootStructure.png, id=882, 524.96124pt x 383.4325pt>
File: Chapters/images/RootStructure.png Graphic file (type png)

<use Chapters/images/RootStructure.png>
Package pdftex.def Info: Chapters/images/RootStructure.png used on input line 2
06.
(pdftex.def)             Requested size: 262.47998pt x 191.71577pt.
) [18 <./Chapters/images/RootStructure.png>]
\openout2 = `Chapters/Chapter3.aux'.

 (./Chapters/Chapter3.tex
Chapter 3.
1: section
[19



] [20] <Chapters/images/TimeLine.png, id=907, 776.9025pt x 375.4025pt>
File: Chapters/images/TimeLine.png Graphic file (type png)

<use Chapters/images/TimeLine.png>
Package pdftex.def Info: Chapters/images/TimeLine.png used on input line 68.
(pdftex.def)             Requested size: 388.45029pt x 187.70079pt.

Overfull \hbox (27.10034pt too wide) in paragraph at lines 68--69
 [][] 
 []

[21]
Overfull \hbox (15.4381pt too wide) in paragraph at lines 77--77
 |[]\T1/ppl/b/n/17.28 Analysis with in-spec-tion meth-ods and tests
 []


Overfull \hbox (9.15773pt too wide) in paragraph at lines 78--82
\T1/ppl/m/n/12 prin-ci-ples pro-posed by Nielsen [https://www.nngroup.com/artic
les/
 []


Overfull \hbox (13.76714pt too wide) in paragraph at lines 86--87
\T1/ppl/m/n/12 Nielsen prin-ci-ples ( [[][]$\T1/pcr/m/n/12 https : / / www . nn
group . com / articles /
 []

[22 <./Chapters/images/TimeLine.png>] [23] [24]) [25]
\openout2 = `Chapters/Chapter4.aux'.

 (./Chapters/Chapter4.tex
[26



]
Chapter 4.
1: section
[27]
Overfull \hbox (2.97707pt too wide) in paragraph at lines 33--34
[]\T1/ppl/m/n/12 The user can mod-ify a con-fig-u-ra-tion file (a .txt file on 
the server),
 []

[28]
Overfull \hbox (4.39304pt too wide) in paragraph at lines 49--50
\T1/ppl/m/n/12 ing sys-tem, in-stalled soft-ware. Also this re-quire-ment is ac
hieved
 []


Overfull \hbox (1.0326pt too wide) in paragraph at lines 49--50
\T1/ppl/m/n/12 put-ers of the AEgIS Con-trol Room, that have a quite big screen
s,
 []


Overfull \hbox (2.73709pt too wide) in paragraph at lines 51--52
\T1/ppl/m/n/12 the fu-ture by per-sons who aren't nec-es-sar-ily soft-ware en-g
i-neers.
 []


Overfull \hbox (8.44946pt too wide) in paragraph at lines 51--52
\T1/ppl/m/n/12 code and keep the code sim-ple (this is a ba-sic good-programmin
g
 []

[29] [30] <Chapters/images/HomePageOLD.png, id=976, 1305.87875pt x 746.79pt>
File: Chapters/images/HomePageOLD.png Graphic file (type png)

<use Chapters/images/HomePageOLD.png>
Package pdftex.def Info: Chapters/images/HomePageOLD.png used on input line 86.

(pdftex.def)             Requested size: 326.46889pt x 186.69704pt.

<Chapters/images/TextOutputOLD.png, id=977, 1305.87875pt x 746.79pt>
File: Chapters/images/TextOutputOLD.png Graphic file (type png)

<use Chapters/images/TextOutputOLD.png>
Package pdftex.def Info: Chapters/images/TextOutputOLD.png used on input line 9
6.
(pdftex.def)             Requested size: 326.46889pt x 186.69704pt.
 [31 <./Chapters/images/HomePageOLD.png>] <Chapters/images/AllImagesPageOLD.png
, id=985, 1305.87875pt x 746.79pt>
File: Chapters/images/AllImagesPageOLD.png Graphic file (type png)

<use Chapters/images/AllImagesPageOLD.png>
Package pdftex.def Info: Chapters/images/AllImagesPageOLD.png used on input lin
e 108.
(pdftex.def)             Requested size: 326.46889pt x 186.69704pt.
 [32 <./Chapters/images/TextOutputOLD.png> <./Chapters/images/AllImagesPageOLD.
png>]
<Chapters/images/EditConfigOLD.png, id=991, 1305.87875pt x 746.79pt>
File: Chapters/images/EditConfigOLD.png Graphic file (type png)

<use Chapters/images/EditConfigOLD.png>
Package pdftex.def Info: Chapters/images/EditConfigOLD.png used on input line 1
20.
(pdftex.def)             Requested size: 326.46889pt x 186.69704pt.
) [33 <./Chapters/images/EditConfigOLD.png>]
\openout2 = `Chapters/Chapter5.aux'.

 (./Chapters/Chapter5.tex [34



]
Chapter 5.
1: section
[35] [36] [37]
LaTeX Font Info:    Font shape `T1/ppl/bx/n' in size <14.4> not available
(Font)              Font shape `T1/ppl/b/n' tried instead on input line 54.
 [38] [39]
<Chapters/images/HomePageEmpty.png, id=1035, 1305.87875pt x 746.79pt>
File: Chapters/images/HomePageEmpty.png Graphic file (type png)

<use Chapters/images/HomePageEmpty.png>
Package pdftex.def Info: Chapters/images/HomePageEmpty.png used on input line 1
02.
(pdftex.def)             Requested size: 326.46889pt x 186.69704pt.
 [40]
<Chapters/images/HomePage.png, id=1043, 1305.87875pt x 746.79pt>
File: Chapters/images/HomePage.png Graphic file (type png)

<use Chapters/images/HomePage.png>
Package pdftex.def Info: Chapters/images/HomePage.png used on input line 109.
(pdftex.def)             Requested size: 326.46889pt x 186.69704pt.
 [41 <./Chapters/images/HomePageEmpty.png> <./Chapters/images/HomePage.png>]
<Chapters/images/ErrorInputHomepage.png, id=1049, 1089.06876pt x 106.3975pt>
File: Chapters/images/ErrorInputHomepage.png Graphic file (type png)

<use Chapters/images/ErrorInputHomepage.png>
Package pdftex.def Info: Chapters/images/ErrorInputHomepage.png used on input l
ine 123.
(pdftex.def)             Requested size: 272.26653pt x 26.5993pt.

<Chapters/images/ProgressBar.png, id=1050, 1237.62375pt x 138.5175pt>
File: Chapters/images/ProgressBar.png Graphic file (type png)

<use Chapters/images/ProgressBar.png>
Package pdftex.def Info: Chapters/images/ProgressBar.png used on input line 131
.
(pdftex.def)             Requested size: 309.40518pt x 34.62929pt.
 [42 <./Chapters/images/ErrorInputHomepage.png> <./Chapters/images/ProgressBar.
png>]
<Chapters/images/RangeRunsModal.png, id=1058, 1016.79875pt x 451.6875pt>
File: Chapters/images/RangeRunsModal.png Graphic file (type png)

<use Chapters/images/RangeRunsModal.png>
Package pdftex.def Info: Chapters/images/RangeRunsModal.png used on input line 
143.
(pdftex.def)             Requested size: 254.19907pt x 112.92159pt.

<Chapters/images/EditConfig.png, id=1059, 1305.87875pt x 746.79pt>
File: Chapters/images/EditConfig.png Graphic file (type png)

<use Chapters/images/EditConfig.png>
Package pdftex.def Info: Chapters/images/EditConfig.png used on input line 160.

(pdftex.def)             Requested size: 326.46889pt x 186.69704pt.

Underfull \hbox (badness 10000) in paragraph at lines 161--161
 []\T1/ppl/m/sc/10.95 Figure 5.6: |\T1/ppl/m/n/10.95 In-ter-me-di-ate ver-sion:
 the edit- 
 []

[43 <./Chapters/images/RangeRunsModal.png>] [44 <./Chapters/images/EditConfig.p
ng>] <Chapters/images/TextOutputPage.png, id=1073, 1305.87875pt x 746.79pt>
File: Chapters/images/TextOutputPage.png Graphic file (type png)

<use Chapters/images/TextOutputPage.png>
Package pdftex.def Info: Chapters/images/TextOutputPage.png used on input line 
172.
(pdftex.def)             Requested size: 326.46889pt x 186.69704pt.

Overfull \hbox (2.25764pt too wide) in paragraph at lines 178--179
[]\T1/ppl/m/n/12 The user can choose what re-sults he wants to show on the scre
en
 []

<Chapters/images/WhichRunNavbar.png, id=1074, 1235.61626pt x 154.5775pt>
File: Chapters/images/WhichRunNavbar.png Graphic file (type png)

<use Chapters/images/WhichRunNavbar.png>
Package pdftex.def Info: Chapters/images/WhichRunNavbar.png used on input line 
182.
(pdftex.def)             Requested size: 308.9033pt x 38.64427pt.

<Chapters/images/AllImagesPage.png, id=1075, 1305.87875pt x 746.79pt>
File: Chapters/images/AllImagesPage.png Graphic file (type png)

<use Chapters/images/AllImagesPage.png>
Package pdftex.def Info: Chapters/images/AllImagesPage.png used on input line 2
01.
(pdftex.def)             Requested size: 326.46889pt x 186.69704pt.
 [45 <./Chapters/images/TextOutputPage.png> <./Chapters/images/WhichRunNavbar.p
ng>]
<Chapters/images/RootLikeImage2.png, id=1084, 1305.87875pt x 746.79pt>
File: Chapters/images/RootLikeImage2.png Graphic file (type png)

<use Chapters/images/RootLikeImage2.png>
Package pdftex.def Info: Chapters/images/RootLikeImage2.png used on input line 
219.
(pdftex.def)             Requested size: 326.46889pt x 186.69704pt.
 [46 <./Chapters/images/AllImagesPage.png>] <Chapters/images/RootLikeImage.png,
 id=1093, 1305.87875pt x 746.79pt>
File: Chapters/images/RootLikeImage.png Graphic file (type png)

<use Chapters/images/RootLikeImage.png>
Package pdftex.def Info: Chapters/images/RootLikeImage.png used on input line 2
27.
(pdftex.def)             Requested size: 326.46889pt x 186.69704pt.

<Chapters/images/RootLikeImage3.png, id=1094, 1305.87875pt x 746.79pt>
File: Chapters/images/RootLikeImage3.png Graphic file (type png)

<use Chapters/images/RootLikeImage3.png>
Package pdftex.def Info: Chapters/images/RootLikeImage3.png used on input line 
233.
(pdftex.def)             Requested size: 326.46889pt x 186.69704pt.
 [47 <./Chapters/images/RootLikeImage2.png> <./Chapters/images/RootLikeImage.pn
g>]
<Chapters/images/RootLikeImage4.png, id=1099, 1305.87875pt x 746.79pt>
File: Chapters/images/RootLikeImage4.png Graphic file (type png)

<use Chapters/images/RootLikeImage4.png>
Package pdftex.def Info: Chapters/images/RootLikeImage4.png used on input line 
239.
(pdftex.def)             Requested size: 326.46889pt x 186.69704pt.
 [48 <./Chapters/images/RootLikeImage3.png> <./Chapters/images/RootLikeImage4.p
ng>]
<Chapters/images/Login.png, id=1104, 1305.87875pt x 746.79pt>
File: Chapters/images/Login.png Graphic file (type png)

<use Chapters/images/Login.png>
Package pdftex.def Info: Chapters/images/Login.png used on input line 258.
(pdftex.def)             Requested size: 326.46889pt x 186.69704pt.

Overfull \hbox (2.89436pt too wide) in paragraph at lines 262--263
\T1/ppl/m/n/12 sys-tem re-mem-bers the last work-ing ver-sion of Root and the l
ast work-
 []

<Chapters/images/RootVersionChoice.png, id=1105, 1305.87875pt x 746.79pt>
File: Chapters/images/RootVersionChoice.png Graphic file (type png)

<use Chapters/images/RootVersionChoice.png>
Package pdftex.def Info: Chapters/images/RootVersionChoice.png used on input li
ne 268.
(pdftex.def)             Requested size: 326.46889pt x 186.69704pt.
 [49 <./Chapters/images/Login.png>]
<Chapters/images/ChoosegAnBranch.png, id=1111, 1305.87875pt x 746.79pt>
File: Chapters/images/ChoosegAnBranch.png Graphic file (type png)

<use Chapters/images/ChoosegAnBranch.png>
Package pdftex.def Info: Chapters/images/ChoosegAnBranch.png used on input line
 275.
(pdftex.def)             Requested size: 326.46889pt x 186.69704pt.
) [50 <./Chapters/images/RootVersionChoice.png> <./Chapters/images/ChoosegAnBra
nch.png>]
\openout2 = `Chapters/Chapter6.aux'.

 (./Chapters/Chapter6.tex
Chapter 6.
1: section
[51



] [52] [53] [54] [55]
<Chapters/images/LastLogin.png, id=1151, 1371.1225pt x 718.685pt>
File: Chapters/images/LastLogin.png Graphic file (type png)

<use Chapters/images/LastLogin.png>
Package pdftex.def Info: Chapters/images/LastLogin.png used on input line 109.
(pdftex.def)             Requested size: 342.77979pt x 179.6708pt.
 [56 <./Chapters/images/LastLogin.png>]
<Chapters/images/LastInitialChoice.png, id=1156, 1371.1225pt x 718.685pt>
File: Chapters/images/LastInitialChoice.png Graphic file (type png)

<use Chapters/images/LastInitialChoice.png>
Package pdftex.def Info: Chapters/images/LastInitialChoice.png used on input li
ne 121.
(pdftex.def)             Requested size: 342.77979pt x 179.6708pt.

<Chapters/images/ParticularExitStrategy.png, id=1157, 357.335pt x 64.24pt>
File: Chapters/images/ParticularExitStrategy.png Graphic file (type png)

<use Chapters/images/ParticularExitStrategy.png>
Package pdftex.def Info: Chapters/images/ParticularExitStrategy.png used on inp
ut line 131.
(pdftex.def)             Requested size: 89.33353pt x 16.05995pt.
 [57 <./Chapters/images/LastInitialChoice.png> <./Chapters/images/ParticularExi
tStrategy.png>]
<Chapters/images/LastSingle.png, id=1162, 1305.87875pt x 746.79pt>
File: Chapters/images/LastSingle.png Graphic file (type png)

<use Chapters/images/LastSingle.png>
Package pdftex.def Info: Chapters/images/LastSingle.png used on input line 143.

(pdftex.def)             Requested size: 326.46889pt x 186.69704pt.
 [58 <./Chapters/images/LastSingle.png>]
<Chapters/images/ParticularStatusHP.png, id=1167, 257.96375pt x 119.44624pt>
File: Chapters/images/ParticularStatusHP.png Graphic file (type png)

<use Chapters/images/ParticularStatusHP.png>
Package pdftex.def Info: Chapters/images/ParticularStatusHP.png used on input l
ine 154.
(pdftex.def)             Requested size: 116.0826pt x 53.7503pt.

Overfull \hbox (15.0262pt too wide) in paragraph at lines 162--163
\T1/ppl/m/n/12 in-put. On the first im-ple-men-ta-tion the er-ror mes-sages was
 pro-grammed
 []


<Chapters/images/ParticularHowErrorsWork.png, id=1168, 475.7775pt x 375.65344pt
>
File: Chapters/images/ParticularHowErrorsWork.png Graphic file (type png)
 <use Chapters/images/ParticularHowErrorsWork.png>
Package pdftex.def Info: Chapters/images/ParticularHowErrorsWork.png used on in
put line 166.
(pdftex.def)             Requested size: 237.88815pt x 187.82625pt.
 [59 <./Chapters/images/ParticularStatusHP.png> <./Chapters/images/ParticularHo
wErrorsWork.png>]
<Chapters/images/ParticularDropDownSpecial.png, id=1175, 218.8175pt x 511.9125p
t>
File: Chapters/images/ParticularDropDownSpecial.png Graphic file (type png)
 <use Chapters/images/ParticularDropDownSpecial.png>
Package pdftex.def Info: Chapters/images/ParticularDropDownSpecial.png used on 
input line 176.
(pdftex.def)             Requested size: 109.40848pt x 255.95563pt.
 [60 <./Chapters/images/ParticularDropDownSpecial.png>]
<Chapters/images/LastMultipleFirst.png, id=1180, 1305.87875pt x 746.79pt>
File: Chapters/images/LastMultipleFirst.png Graphic file (type png)

<use Chapters/images/LastMultipleFirst.png>
Package pdftex.def Info: Chapters/images/LastMultipleFirst.png used on input li
ne 189.
(pdftex.def)             Requested size: 326.46889pt x 186.69704pt.

<Chapters/images/LastMultipleRange.png, id=1181, 1305.87875pt x 746.79pt>
File: Chapters/images/LastMultipleRange.png Graphic file (type png)

<use Chapters/images/LastMultipleRange.png>
Package pdftex.def Info: Chapters/images/LastMultipleRange.png used on input li
ne 198.
(pdftex.def)             Requested size: 326.46889pt x 186.69704pt.
 [61 <./Chapters/images/LastMultipleFirst.png>]
<Chapters/images/ParticularRange.png, id=1187, 274.02374pt x 164.86594pt>
File: Chapters/images/ParticularRange.png Graphic file (type png)

<use Chapters/images/ParticularRange.png>
Package pdftex.def Info: Chapters/images/ParticularRange.png used on input line
 207.
(pdftex.def)             Requested size: 68.50577pt x 41.21637pt.

<Chapters/images/ParticularInputArea.png, id=1188, 274.02374pt x 164.86594pt>
File: Chapters/images/ParticularInputArea.png Graphic file (type png)

<use Chapters/images/ParticularInputArea.png>
Package pdftex.def Info: Chapters/images/ParticularInputArea.png used on input 
line 213.
(pdftex.def)             Requested size: 68.50577pt x 41.21637pt.

<Chapters/images/LastMultipleSecond.png, id=1189, 1305.87875pt x 746.79pt>
File: Chapters/images/LastMultipleSecond.png Graphic file (type png)

<use Chapters/images/LastMultipleSecond.png>
Package pdftex.def Info: Chapters/images/LastMultipleSecond.png used on input l
ine 222.
(pdftex.def)             Requested size: 457.0644pt x 261.3804pt.

Overfull \hbox (95.71446pt too wide) in paragraph at lines 222--223
 [][] 
 []

[62 <./Chapters/images/LastMultipleRange.png> <./Chapters/images/ParticularRang
e.png> <./Chapters/images/ParticularInputArea.png>]
<Chapters/images/LastEditConfig.png, id=1196, 1305.87875pt x 746.79pt>
File: Chapters/images/LastEditConfig.png Graphic file (type png)

<use Chapters/images/LastEditConfig.png>
Package pdftex.def Info: Chapters/images/LastEditConfig.png used on input line 
230.
(pdftex.def)             Requested size: 326.46889pt x 186.69704pt.
 [63 <./Chapters/images/LastMultipleSecond.png> <./Chapters/images/LastEditConf
ig.png>]
<Chapters/images/ParticularScalesExpo.png, id=1201, 782.925pt x 338.26375pt>
File: Chapters/images/ParticularScalesExpo.png Graphic file (type png)

<use Chapters/images/ParticularScalesExpo.png>
Package pdftex.def Info: Chapters/images/ParticularScalesExpo.png used on input
 line 240.
(pdftex.def)             Requested size: 195.73077pt x 84.56572pt.
 [64 <./Chapters/images/ParticularScalesExpo.png>]
<Chapters/images/ParticularYesNoConfig.png, id=1206, 1305.87875pt x 746.79pt>
File: Chapters/images/ParticularYesNoConfig.png Graphic file (type png)

<use Chapters/images/ParticularYesNoConfig.png>
Package pdftex.def Info: Chapters/images/ParticularYesNoConfig.png used on inpu
t line 251.
(pdftex.def)             Requested size: 326.46889pt x 186.69704pt.
 [65 <./Chapters/images/ParticularYesNoConfig.png>]
<Chapters/images/LastNavbar.png, id=1211, 1174.3875pt x 358.33875pt>
File: Chapters/images/LastNavbar.png Graphic file (type png)

<use Chapters/images/LastNavbar.png>
Package pdftex.def Info: Chapters/images/LastNavbar.png used on input line 263.

(pdftex.def)             Requested size: 411.04178pt x 125.42044pt.

Overfull \hbox (49.69183pt too wide) in paragraph at lines 263--264
 [][] 
 []


<Chapters/images/LastTextualOutputHighLight.png, id=1212, 1305.87875pt x 746.79
pt>
File: Chapters/images/LastTextualOutputHighLight.png Graphic file (type png)
 <use Chapters/images/LastTextualOutputHighLight.png>
Package pdftex.def Info: Chapters/images/LastTextualOutputHighLight.png used on
 input line 272.
(pdftex.def)             Requested size: 326.46889pt x 186.69704pt.
 [66 <./Chapters/images/LastNavbar.png> <./Chapters/images/LastTextualOutputHig
hLight.png>]
<Chapters/images/TextConfrontation.png, id=1217, 840.13875pt x 393.72093pt>
File: Chapters/images/TextConfrontation.png Graphic file (type png)

<use Chapters/images/TextConfrontation.png>
Package pdftex.def Info: Chapters/images/TextConfrontation.png used on input li
ne 282.
(pdftex.def)             Requested size: 378.05894pt x 177.17278pt.

Overfull \hbox (16.709pt too wide) in paragraph at lines 282--283
 [][] 
 []

<Chapters/images/ImageOutput.png, id=1218, 1305.87875pt x 746.79pt>
File: Chapters/images/ImageOutput.png Graphic file (type png)

<use Chapters/images/ImageOutput.png>
Package pdftex.def Info: Chapters/images/ImageOutput.png used on input line 291
.
(pdftex.def)             Requested size: 326.46889pt x 186.69704pt.
 [67 <./Chapters/images/TextConfrontation.png> <./Chapters/images/ImageOutput.p
ng>]
<Chapters/images/ParticularHowToSelectImages.png, id=1225, 472.76625pt x 93.348
75pt>
File: Chapters/images/ParticularHowToSelectImages.png Graphic file (type png)
 <use Chapters/images/ParticularHowToSelectImages.png>
Package pdftex.def Info: Chapters/images/ParticularHowToSelectImages.png used o
n input line 300.
(pdftex.def)             Requested size: 212.74284pt x 42.00653pt.

<Chapters/images/ParticularConfrontationImages.png, id=1226, 1025.8325pt x 464.
73625pt>
File: Chapters/images/ParticularConfrontationImages.png Graphic file (type png)

 <use Chapters/images/ParticularConfrontationImages.png>
Package pdftex.def Info: Chapters/images/ParticularConfrontationImages.png used
 on input line 311.
(pdftex.def)             Requested size: 359.04675pt x 162.66011pt.
 [68 <./Chapters/images/ParticularHowToSelectImages.png>]
<Chapters/images/LastImagenotes.png, id=1231, 1256.695pt x 662.475pt>
File: Chapters/images/LastImagenotes.png Graphic file (type png)

<use Chapters/images/LastImagenotes.png>
Package pdftex.def Info: Chapters/images/LastImagenotes.png used on input line 
320.
(pdftex.def)             Requested size: 314.17297pt x 165.61835pt.

<Chapters/images/ParticularFastReadInfos.png, id=1232, 235.88126pt x 193.72375p
t>
File: Chapters/images/ParticularFastReadInfos.png Graphic file (type png)
 <use Chapters/images/ParticularFastReadInfos.png>
Package pdftex.def Info: Chapters/images/ParticularFastReadInfos.png used on in
put line 326.
(pdftex.def)             Requested size: 117.94034pt x 96.86163pt.
 [69 <./Chapters/images/ParticularConfrontationImages.png> <./Chapters/images/L
astImagenotes.png>]
[70 <./Chapters/images/ParticularFastReadInfos.png>]
<Chapters/images/LastImageOptions.png, id=1241, 1371.1225pt x 770.88pt>
File: Chapters/images/LastImageOptions.png Graphic file (type png)

<use Chapters/images/LastImageOptions.png>
Package pdftex.def Info: Chapters/images/LastImageOptions.png used on input lin
e 338.
(pdftex.def)             Requested size: 342.77979pt x 192.71953pt.

<Chapters/images/LastGraphImage2.png, id=1242, 1371.1225pt x 770.88pt>
File: Chapters/images/LastGraphImage2.png Graphic file (type png)

<use Chapters/images/LastGraphImage2.png>
Package pdftex.def Info: Chapters/images/LastGraphImage2.png used on input line
 344.
(pdftex.def)             Requested size: 342.77979pt x 192.71953pt.

<Chapters/images/LastImageLabel.png, id=1243, 337.26pt x 192.72pt>
File: Chapters/images/LastImageLabel.png Graphic file (type png)

<use Chapters/images/LastImageLabel.png>
Package pdftex.def Info: Chapters/images/LastImageLabel.png used on input line 
352.
(pdftex.def)             Requested size: 151.7656pt x 86.72319pt.
 [71 <./Chapters/images/LastImageOptions.png> <./Chapters/images/LastGraphImage
2.png>]
<Chapters/images/ParticularUnusedControls.png, id=1248, 224.84pt x 41.15375pt>
File: Chapters/images/ParticularUnusedControls.png Graphic file (type png)

<use Chapters/images/ParticularUnusedControls.png>
Package pdftex.def Info: Chapters/images/ParticularUnusedControls.png used on i
nput line 361.
(pdftex.def)             Requested size: 101.17706pt x 18.51901pt.
) [72 <./Chapters/images/LastImageLabel.png> <./Chapters/images/ParticularUnuse
dControls.png>]
\openout2 = `Chapters/Chapter7.aux'.


(./Chapters/Chapter7.tex
Chapter 7.
1: section
[73



] [74] [75] [76] [77] [78] [79] [80] [81]
Overfull \hbox (8.90576pt too wide) in paragraph at lines 131--133
\T1/ppl/m/n/12 (all of them are use-ful, the most of them are ef-fec-tively im-
ple-mentable),
 []

[82]) [83]
\openout2 = `Chapters/Chapter8.aux'.

 (./Chapters/Chapter8.tex [84



]
Chapter 8.
1: section
[85]
Overfull \hbox (2.2707pt too wide) in paragraph at lines 31--32
\T1/ppl/m/n/12 home, new anal-y-sis etc) or to ex-e-cute tasks (con-firm, down-
load some-
 []

[86] [87] [88] [89]) [90]
\openout2 = `Chapters/Chapter9.aux'.

 (./Chapters/Chapter9.tex
Chapter 9.

Overfull \hbox (8.07709pt too wide) in paragraph at lines 11--11
 |[]\T1/ppl/b/n/17.28 Requirements from the Web De-vel-op-ment
 []

1: section
[91



]
Overfull \hbox (3.50514pt too wide) in paragraph at lines 28--29
\T1/ppl/m/n/12 also other tech-nolo-gies were anal-ysed: in par-tic-u-lar we ar
e look-
 []


Overfull \hbox (3.51732pt too wide) in paragraph at lines 28--29
\T1/ppl/m/n/12 ing for tech-nolo-gies able to send human-readable mes-sages (th
is
 []

[92]
Overfull \hbox (4.48978pt too wide) in paragraph at lines 36--37
[]\T1/ppl/m/n/12 The pro-gram of data anal-y-sis (gAn) need to be con-fig-ured.
 Some
 []

[93] [94]
Overfull \hbox (0.78497pt too wide) in paragraph at lines 69--69
 |[]\T1/ppl/b/n/17.28 Different hy-poth-e-sis about how to im-ple-
 []

[95]
Overfull \hbox (1.45406pt too wide) in paragraph at lines 96--97
\T1/ppl/m/n/12 good idea in Web De-vel-op-ment, spe-cially in an ap-pli-ca-tion
 that needs
 []

<Chapters/images/MVC.png, id=1378, 441.65pt x 264.99pt>
File: Chapters/images/MVC.png Graphic file (type png)

<use Chapters/images/MVC.png>
Package pdftex.def Info: Chapters/images/MVC.png used on input line 110.
(pdftex.def)             Requested size: 110.41222pt x 66.24733pt.
 [96] [97 <./Chapters/images/MVC.png>] [98]
Overfull \hbox (2.35284pt too wide) in paragraph at lines 170--174
\T1/ppl/m/n/12 light struc-ture, that car-ries many ad-van-tages, but for this 
project
 []

[99]
Overfull \hbox (13.87381pt too wide) in paragraph at lines 183--190
\T1/ppl/m/n/12 most com-mon data for-mat used for asyn-chronous browser/server
 []

[100]
<Chapters/images/generalAEgISImage.png, id=1410, 1154.06157pt x 330.48468pt>
File: Chapters/images/generalAEgISImage.png Graphic file (type png)

<use Chapters/images/generalAEgISImage.png>
Package pdftex.def Info: Chapters/images/generalAEgISImage.png used on input li
ne 201.
(pdftex.def)             Requested size: 288.51468pt x 82.62096pt.
 [101 <./Chapters/images/generalAEgISImage.png>]) [102]
\openout2 = `Chapters/Chapter10.aux'.

 (./Chapters/Chapter10.tex
Chapter 10.
1: section
[103



]) [104]
\openout2 = `BIB/bibliography.aux'.

 (./BIB/bibliography.tex)
1: section
[105



]
Package atveryend Info: Empty hook `BeforeClearDocument' on input line 184.
Package atveryend Info: Empty hook `AfterLastShipout' on input line 184.
 (./main.aux (./Chapters/Chapter1.aux) (./Chapters/Chapter2.aux)
(./Chapters/Chapter3.aux) (./Chapters/Chapter4.aux) (./Chapters/Chapter5.aux)
(./Chapters/Chapter6.aux) (./Chapters/Chapter7.aux) (./Chapters/Chapter8.aux)
(./Chapters/Chapter9.aux) (./Chapters/Chapter10.aux) (./BIB/bibliography.aux))
Package atveryend Info: Executing hook `AtVeryEndDocument' on input line 184.
Package atveryend Info: Executing hook `AtEndAfterFileList' on input line 184.
Package rerunfilecheck Info: File `main.out' has not changed.
(rerunfilecheck)             Checksum: 320D1EB861EBE2A6B299566E0E390601;13792.


LaTeX Warning: There were multiply-defined labels.

Package logreq Info: Writing requests to 'main.run.xml'.
\openout1 = `main.run.xml'.

 ) 
Here is how much of TeX's memory you used:
 29553 strings out of 493304
 604738 string characters out of 6139871
 717549 words of memory out of 5000000
 32129 multiletter control sequences out of 15000+600000
 38320 words of font info for 70 fonts, out of 8000000 for 9000
 957 hyphenation exceptions out of 8191
 57i,20n,78p,10402b,2238s stack positions out of 5000i,500n,10000p,200000b,80000s
{/usr/share/texlive/texmf-dist/fonts/enc/dvips/base/8r.enc}</usr/share/texliv
e/texmf-dist/fonts/type1/public/amsfonts/cm/cmmi12.pfb></usr/share/texlive/texm
f-dist/fonts/type1/public/amsfonts/cm/cmr8.pfb></usr/share/texlive/texmf-dist/f
onts/type1/public/amsfonts/cm/cmsy10.pfb></usr/share/texlive/texmf-dist/fonts/t
ype1/urw/courier/ucrr8a.pfb></usr/share/texlive/texmf-dist/fonts/type1/urw/pala
tino/uplb8a.pfb></usr/share/texlive/texmf-dist/fonts/type1/urw/palatino/uplr8a.
pfb></usr/share/texlive/texmf-dist/fonts/type1/urw/palatino/uplr8a.pfb></usr/sh
are/texlive/texmf-dist/fonts/type1/urw/palatino/uplri8a.pfb>
Output written on main.pdf (117 pages, 5990547 bytes).
PDF statistics:
 1559 PDF objects out of 1728 (max. 8388607)
 1258 compressed objects within 13 object streams
 400 named destinations out of 1000 (max. 500000)
 926 words of extra memory for PDF output out of 10000 (max. 10000000)

